#                                                                            --- full sequence --- -------------- this domain -------------   hmm coord   ali coord   env coord
# target name        accession   tlen query name           accession   qlen   E-value  score  bias   #  of  c-Evalue  i-Evalue  score  bias  from    to  from    to  from    to  acc description of target
#------------------- ---------- ----- -------------------- ---------- ----- --------- ------ ----- --- --- --------- --------- ------ ----- ----- ----- ----- ----- ----- ----- ---- ---------------------
NC_003070.9.fa_1     -          10142557 ebi_ds36752_seq      -            437         0 1535.0  14.2   1  14   1.6e-71   1.6e-71  228.7   0.0     4   434 1110299 1110724 1110296 1110727 0.91 -
NC_003070.9.fa_1     -          10142557 ebi_ds36752_seq      -            437         0 1535.0  14.2   2  14   1.1e-09   1.1e-09   25.0   0.0   229   433 2657384 2657605 2657361 2657608 0.72 -
NC_003070.9.fa_1     -          10142557 ebi_ds36752_seq      -            437         0 1535.0  14.2   3  14   2.1e-54   2.1e-54  172.3   0.0    77   436 2830212 2830567 2830198 2830568 0.90 -
NC_003070.9.fa_1     -          10142557 ebi_ds36752_seq      -            437         0 1535.0  14.2   4  14   1.4e-32   1.4e-32  100.4   0.2    44   280 3425519 3425767 3425518 3425790 0.94 -
NC_003070.9.fa_1     -          10142557 ebi_ds36752_seq      -            437         0 1535.0  14.2   5  14   1.2e-29   1.2e-29   90.7   0.0    94   367 4539999 4540281 4539998 4540285 0.88 -
NC_003070.9.fa_1     -          10142557 ebi_ds36752_seq      -            437         0 1535.0  14.2   6  14   8.8e-56   8.8e-56  176.9   0.1    68   404 4564040 4564382 4564033 4564406 0.86 -
NC_003070.9.fa_1     -          10142557 ebi_ds36752_seq      -            437         0 1535.0  14.2   7  14   1.3e-07   1.3e-07   18.2   0.0   162   347 4684671 4684862 4684668 4684865 0.76 -
NC_003070.9.fa_1     -          10142557 ebi_ds36752_seq      -            437         0 1535.0  14.2   8  14      0.79      0.79   -4.2   0.0   220   286 4695963 4696020 4695957 4696036 0.81 -
NC_003070.9.fa_1     -          10142557 ebi_ds36752_seq      -            437         0 1535.0  14.2   9  14      0.51      0.51   -3.6   0.0   220   289 5165712 5165772 5165706 5165795 0.81 -
NC_003070.9.fa_1     -          10142557 ebi_ds36752_seq      -            437         0 1535.0  14.2  10  14   1.4e-61   1.4e-61  196.0   0.0     2   316 5209227 5209553 5209226 5209570 0.89 -
NC_003070.9.fa_1     -          10142557 ebi_ds36752_seq      -            437         0 1535.0  14.2  11  14   5.4e-24   5.4e-24   72.1   0.1    96   395 5414008 5414310 5414005 5414348 0.80 -
NC_003070.9.fa_1     -          10142557 ebi_ds36752_seq      -            437         0 1535.0  14.2  12  14   2.5e-74   2.5e-74  238.0   0.0     1   432 5438001 5438430 5438001 5438434 0.88 -
NC_003070.9.fa_1     -          10142557 ebi_ds36752_seq      -            437         0 1535.0  14.2  13  14   6.3e-66   6.3e-66  210.3   0.2     3   393 5440963 5441348 5440961 5441376 0.91 -
NC_003070.9.fa_1     -          10142557 ebi_ds36752_seq      -            437         0 1535.0  14.2  14  14      0.11      0.11   -1.5   0.0   312   401 8152160 8152243 8152159 8152270 0.74 -
NC_003070.9.fa_3     -          10142556 ebi_ds36752_seq      -            437         0 1118.0   6.0   1  11   1.1e-55   1.1e-55  176.6   0.0     2   229 2657176 2657405 2657175 2657420 0.97 -
NC_003070.9.fa_3     -          10142556 ebi_ds36752_seq      -            437         0 1118.0   6.0   2  11   3.8e-72   3.8e-72  230.8   0.0     2   433 2910152 2910582 2910151 2910586 0.89 -
NC_003070.9.fa_3     -          10142556 ebi_ds36752_seq      -            437         0 1118.0   6.0   3  11   1.5e-70   1.5e-70  225.5   0.0     2   435 3453451 3453883 3453450 3453885 0.91 -
NC_003070.9.fa_3     -          10142556 ebi_ds36752_seq      -            437         0 1118.0   6.0   4  11   1.9e-09   1.9e-09   24.2   0.2   161   230 4010225 4010294 4010224 4010325 0.93 -
NC_003070.9.fa_3     -          10142556 ebi_ds36752_seq      -            437         0 1118.0   6.0   5  11   2.9e-27   2.9e-27   82.9   0.0     2   172 4475757 4475927 4475756 4475931 0.91 -
NC_003070.9.fa_3     -          10142556 ebi_ds36752_seq      -            437         0 1118.0   6.0   6  11   6.6e-07   6.6e-07   15.8   0.1    99   160 4684604 4684668 4684603 4684670 0.92 -
NC_003070.9.fa_3     -          10142556 ebi_ds36752_seq      -            437         0 1118.0   6.0   7  11      0.41      0.41   -3.3   0.0   235   289 4744001 4744049 4743987 4744069 0.82 -
NC_003070.9.fa_3     -          10142556 ebi_ds36752_seq      -            437         0 1118.0   6.0   8  11      0.79      0.79   -4.2   0.0   220   286 4937062 4937119 4937056 4937130 0.82 -
NC_003070.9.fa_3     -          10142556 ebi_ds36752_seq      -            437         0 1118.0   6.0   9  11   1.6e-71   1.6e-71  228.8   0.1     3   391 5885831 5886225 5885829 5886252 0.93 -
NC_003070.9.fa_3     -          10142556 ebi_ds36752_seq      -            437         0 1118.0   6.0  10  11      0.23      0.23   -2.5   0.0   231   289 6101026 6101079 6101017 6101089 0.85 -
NC_003070.9.fa_3     -          10142556 ebi_ds36752_seq      -            437         0 1118.0   6.0  11  11   8.3e-40   8.3e-40  124.2   0.0   123   434 6398396 6398703 6398390 6398705 0.86 -
NC_003070.9.fa_2     -          10142556 ebi_ds36752_seq      -            437  2.7e-287  939.8  10.8   1  13   4.7e-05   4.7e-05    9.7   0.0     2    39 3425477 3425514 3425476 3425519 0.91 -
NC_003070.9.fa_2     -          10142556 ebi_ds36752_seq      -            437  2.7e-287  939.8  10.8   2  13   1.8e-59   1.8e-59  189.0   0.0    14   366 3510689 3511048 3510676 3511057 0.88 -
NC_003070.9.fa_2     -          10142556 ebi_ds36752_seq      -            437  2.7e-287  939.8  10.8   3  13   1.2e-18   1.2e-18   54.5   0.0   200   436 3574480 3574711 3574471 3574712 0.87 -
NC_003070.9.fa_2     -          10142556 ebi_ds36752_seq      -            437  2.7e-287  939.8  10.8   4  13   4.2e-76   4.2e-76  243.8   0.0     1   435 4337114 4337546 4337114 4337548 0.94 -
NC_003070.9.fa_2     -          10142556 ebi_ds36752_seq      -            437  2.7e-287  939.8  10.8   5  13   1.1e-22   1.1e-22   67.8   0.0   193   434 4475948 4476186 4475928 4476189 0.79 -
NC_003070.9.fa_2     -          10142556 ebi_ds36752_seq      -            437  2.7e-287  939.8  10.8   6  13     0.032     0.032    0.4   0.2    57    95 4539963 4540000 4539963 4540001 0.95 -
NC_003070.9.fa_2     -          10142556 ebi_ds36752_seq      -            437  2.7e-287  939.8  10.8   7  13   4.4e-10   4.4e-10   26.3   0.0     2    74 4563974 4564046 4563973 4564047 0.96 -
NC_003070.9.fa_2     -          10142556 ebi_ds36752_seq      -            437  2.7e-287  939.8  10.8   8  13   1.4e-11   1.4e-11   31.2   0.0     2    89 4684508 4684594 4684507 4684594 0.93 -
NC_003070.9.fa_2     -          10142556 ebi_ds36752_seq      -            437  2.7e-287  939.8  10.8   9  13   1.1e-51   1.1e-51  163.4   0.1     2   250 4698218 4698482 4698217 4698483 0.94 -
NC_003070.9.fa_2     -          10142556 ebi_ds36752_seq      -            437  2.7e-287  939.8  10.8  10  13      0.29      0.29   -2.8   0.0   217   289 5061449 5061512 5061445 5061544 0.85 -
NC_003070.9.fa_2     -          10142556 ebi_ds36752_seq      -            437  2.7e-287  939.8  10.8  11  13       0.1       0.1   -1.3   0.0   214   289 5197738 5197804 5197733 5197830 0.80 -
NC_003070.9.fa_2     -          10142556 ebi_ds36752_seq      -            437  2.7e-287  939.8  10.8  12  13   3.3e-17   3.3e-17   49.7   0.0     2   105 5413915 5414017 5413914 5414019 0.92 -
NC_003070.9.fa_2     -          10142556 ebi_ds36752_seq      -            437  2.7e-287  939.8  10.8  13  13   3.4e-31   3.4e-31   95.8   0.0   141   289 8151979 8152137 8151969 8152158 0.91 -
#
# Program:         hmmsearch
# Version:         3.1b1 (May 2013)
# Pipeline mode:   SEARCH
# Query file:      /home/ubuntu/mgescan3/mgescan/mgescan/nonltr/pHMM/ebi_ds36752_seq.hmm3
# Target file:     /home/ubuntu/mgescan3/mgescan/mgescan/nonltr/testgain/f/NC_003070.9.fa.pep
# Option settings: hmmsearch --domtblout /tmp/V942Va9nub.tbl --noali -E 0.00001 /home/ubuntu/mgescan3/mgescan/mgescan/nonltr/pHMM/ebi_ds36752_seq.hmm3 /home/ubuntu/mgescan3/mgescan/mgescan/nonltr/testgain/f/NC_0
03070.9.fa.pep 
# Current dir:     /home/ubuntu/mgescan3/mgescan/mgescan/nonltr
# Date:            Tue Feb  9 20:55:42 2016
# [ok]

