
1----------
NC_003071.7.fa_30	3367958	3368147	3386093	3386291	-	190	199	18334	1.1e-20	GGCA	GGCT	TG	CA	TG	CA	
NC_001284.2.fa_1	111566	111748	129724	129906	-	183	183	18341	1.1e-20	-	-	-	-	-	-	
2----------
NC_003070.9.fa_100	16488900	16489286	16491365	16491743	-	387	379	2844	1.5e-130	AAAAT	AAGAT	TGT	CA	TG	CA	
NC_003075.7.fa_100	9068940	9069354	9078480	9078895	+	415	416	9956	9.9e-178	-	-	-	-	-	-	
3----------
NC_003071.7.fa_27	3094961	3096541	3105647	3107240	+	1581	1594	12280	1.8e-34	-	-	-	-	-	-	
NC_003075.7.fa_80	5057640	5058817	5074225	5075402	-	1178	1178	17763	9.2736e-157	-	-	-	-	-	-	
NC_003071.7.fa_71	5084962	5086220	5094228	5095486	+	1259	1259	10525	3.8e-36	-	-	-	-	-	-	
NC_003076.8.fa_85	12639600	12641360	12649089	12650822	+	1761	1734	11223	3.4e-24	-	-	-	-	-	-	
NC_003075.7.fa_26	2968557	2970019	2975472	2976973	-	1463	1502	8417	2.3e-14	-	-	-	-	-	-	
NC_003074.8.fa_79	14073145	14074775	14080334	14081962	-	1631	1629	8818	8.5e-33	ACCAG	ACCAG	TG	CA	TG	CA	
NC_003076.8.fa_56	11810264	11812056	11819787	11821591	-	1793	1805	11328	1.2e-40	TCATT	TCATT	TG	CA	TG	CA	
NC_003074.8.fa_95	14813302	14814971	14825483	14827206	+	1670	1724	13905	5.796e-176	-	-	-	-	-	-	
NC_003076.8.fa_58	11903692	11905442	11913488	11915220	-	1751	1733	11529	1.276e-137	GACTC	GACTC	TG	CA	TG	CA	
NC_003075.7.fa_77	4958289	4959675	4967889	4969275	+	1387	1387	10987	2.3e-35	-	-	-	-	-	-	
NC_003076.8.fa_78	12427465	12429284	12434582	12436400	+	1820	1819	8936	3.5e-34	-	-	-	-	-	-	
NC_003074.8.fa_73	13925267	13926706	13932414	13933769	+	1440	1356	8503	5.1e-22	-	-	-	-	-	-	
NC_003075.7.fa_58	4269492	4270770	4278716	4280001	-	1279	1286	10510	4.7e-29	CGAAA	AGAAA	TG	CA	TG	CA	
NC_003070.9.fa_89	15821408	15823180	15833571	15835384	-	1773	1814	13977	6.615e-175	TCATC	TCATA	TG	CA	TG	CA	
NC_003071.7.fa_24	2871824	2873087	2880802	2882096	-	1264	1295	10273	5.8e-35	-	-	-	-	-	-	
NC_003070.9.fa_55	14432222	14434026	14441123	14442951	+	1805	1829	10730	6.7e-35	-	-	-	-	-	-	
NC_003071.7.fa_67	4948699	4950337	4957527	4959164	+	1639	1638	10466	2.6e-34	-	-	-	-	-	-	
NC_003070.9.fa_101	16510310	16511395	16527812	16528897	-	1086	1086	18588	3.1e-34	-	-	-	-	-	-	
NC_003070.9.fa_61	14847799	14849439	14855788	14857360	+	1641	1573	9562	3.2e-37	-	-	-	-	-	-	
NC_003076.8.fa_75	12350860	12352310	12366055	12367320	+	1451	1266	16461	1.2e-14	-	-	-	-	-	-	
NC_003075.7.fa_10	1825459	1826497	1834632	1835635	-	1039	1004	10177	1.4e-30	ACAC	ACTC	TGT	CA	TGT	CA	
NC_003074.8.fa_106	15455624	15456750	15466949	15468087	-	1127	1139	12464	4.2e-63	TATA	TATG	TG	CA	TG	ACA	
NC_003075.7.fa_44	3736028	3737768	3748272	3750012	-	1741	1741	13985	1.1928e-187	ATTT	ATTA	TG	CA	TG	CA	
NC_003071.7.fa_49	4186080	4187720	4193132	4194761	-	1641	1630	8682	4e-36	ACACA	ACACA	TG	CA	TG	CA	
NC_003076.8.fa_35	11320515	11322321	11330056	11331860	-	1807	1805	11346	1.2e-40	ACTTT	ACTTT	TG	CA	TG	CA	
NC_003076.8.fa_52	11711928	11713411	11721696	11723179	-	1484	1484	11252	3.432e-190	-	-	-	-	-	-	
NC_003071.7.fa_58	4513697	4515441	4520807	4522543	-	1745	1737	8847	2.1e-15	-	-	-	-	-	-	
NC_003076.8.fa_86	12710657	12711718	12719079	12720092	+	1062	1014	9436	1.8e-18	-	-	-	-	-	-	
NC_003075.7.fa_27	3013325	3015015	3023127	3024924	+	1691	1798	11600	8.256e-184	-	-	-	-	-	-	
NC_003076.8.fa_81	12517296	12519001	12529534	12531275	-	1706	1742	13980	4.62e-162	CTTGA	CTTGA	TG	CA	TG	CA	
NC_003076.8.fa_61	11980550	11981728	11992958	11994135	+	1179	1178	13586	4.07e-120	-	-	-	-	-	-	
NC_003074.8.fa_32	12327419	12328820	12342496	12343915	+	1402	1420	16497	1.617e-72	-	-	-	-	-	-	
NC_003076.8.fa_39	11396290	11397933	11405680	11407329	+	1644	1650	11040	1.1e-19	-	-	-	-	-	-	
NC_003070.9.fa_62	14865438	14867004	14873359	14874992	-	1567	1634	9555	3.2e-37	GAGAT	GAGAT	TG	CA	TG	CA	
NC_003074.8.fa_45	12705151	12706801	12716258	12717930	-	1651	1673	12780	1.9e-18	TTAGG	TTAGG	TG	CA	TG	CA	
NC_003076.8.fa_93	12996437	12998297	13011199	13012913	+	1861	1715	16477	1.3e-18	-	-	-	-	-	-	
NC_003075.7.fa_74	4761510	4762633	4777207	4778343	+	1124	1137	16834	3.8367e-167	-	-	-	-	-	-	
NC_003075.7.fa_29	3087018	3088174	3096054	3097210	-	1157	1157	10193	1.1e-16	-	-	-	-	-	-	
NC_003076.8.fa_51	11686009	11687813	11695546	11697350	-	1805	1805	11342	4.5e-39	CTTTT	CTTTT	TG	CA	TG	CA	
NC_003075.7.fa_34	3344832	3346557	3352990	3354743	-	1726	1754	9912	1.7e-31	CTTTG	CTTTG	TG	CA	TG	CA	
NC_003075.7.fa_50	4016469	4017910	4033930	4035322	-	1442	1393	18854	1.5e-39	AATT	ACTT	TG	CA	TG	CA	
NC_003074.8.fa_63	13600620	13601670	13608374	13609414	+	1051	1041	8795	1.4e-34	-	-	-	-	-	-	
NC_003075.7.fa_46	3838628	3840290	3850567	3852236	-	1663	1670	13609	8.1144e-186	TGTTC	TCTTC	TG	CA	TG	CA	
NC_003076.8.fa_41	11421527	11422843	11437944	11439254	+	1317	1311	17728	6.656e-49	-	-	-	-	-	-	
NC_003070.9.fa_38	14082586	14084348	14092258	14094067	+	1763	1810	11482	6.1732e-169	-	-	-	-	-	-	
NC_003076.8.fa_68	12128970	12130007	12138235	12139288	-	1038	1054	10319	3e-36	-	-	-	-	-	-	
NC_003076.8.fa_103	13261020	13262780	13270749	13272509	-	1761	1761	11490	1.269e-188	GGTTC	GGTTC	TG	CA	TG	CA	
NC_003070.9.fa_43	14214746	14216421	14223979	14225655	-	1676	1677	10910	5.4e-28	TCTTT	TCTTT	TG	CA	TG	CA	
NC_003070.9.fa_44	14232760	14234363	14239514	14241003	+	1604	1490	8244	8.5e-37	-	-	-	-	-	-	
NC_003076.8.fa_69	12139289	12141081	12148947	12150832	-	1793	1886	11544	2.4e-35	GACAT	GACAT	TG	CA	TG	CA	
NC_003070.9.fa_32	13786788	13788549	13793493	13795194	+	1762	1702	8407	4e-37	-	-	-	-	-	-	
NC_003071.7.fa_18	2487824	2489529	2498949	2500631	+	1706	1683	12808	1.1063e-91	-	-	-	-	-	-	
NC_003076.8.fa_64	12017559	12018604	12023883	12024876	+	1046	994	7318	1.2e-32	-	-	-	-	-	-	
NC_003076.8.fa_54	11771878	11773629	11781042	11782793	+	1752	1752	10916	8.5e-38	-	-	-	-	-	-	
NC_003074.8.fa_56	13403171	13404359	13410921	13412097	-	1189	1177	8927	1.3e-36	-	-	-	-	-	-	
NC_003074.8.fa_98	14977976	14979523	14985315	14986928	+	1548	1614	8953	3.4e-37	-	-	-	-	-	-	
NC_003071.7.fa_16	2389183	2390313	2408447	2409668	-	1131	1222	20486	7.3e-34	-	-	-	-	-	-	
NC_003070.9.fa_46	14263555	14265060	14272493	14273950	-	1506	1458	10396	1.9e-34	-	-	-	-	-	-	
NC_003074.8.fa_57	13410921	13412029	13425687	13426807	-	1109	1121	15887	1.8096e-101	AATT	ATTT	TG	CA	TG	CA	
NC_003075.7.fa_45	3811861	3812882	3818726	3819747	-	1022	1022	7887	8.8e-36	-	-	-	-	-	-	
NC_003076.8.fa_55	11796905	11798266	11806422	11807837	-	1362	1416	10933	6.9e-37	-	-	-	-	-	-	
NC_003076.8.fa_65	12029514	12031026	12041783	12043295	-	1513	1513	13782	4.1181e-181	AAGTG	AAGAG	TGT	CA	TGT	CA	
NC_003075.7.fa_32	3274433	3275586	3284080	3285234	+	1154	1155	10802	5.9e-39	-	-	-	-	-	-	
NC_003074.8.fa_69	13801242	13802496	13808006	13809275	+	1255	1270	8034	9e-33	-	-	-	-	-	-	
NC_003070.9.fa_77	15491848	15493541	15503255	15504893	+	1694	1639	13046	2.244e-153	-	-	-	-	-	-	
NC_003071.7.fa_84	5565092	5566852	5577275	5578989	+	1761	1715	13898	1.1025e-170	-	-	-	-	-	-	
NC_003071.7.fa_39	3854945	3856312	3861946	3863315	-	1368	1370	8371	1.2e-36	-	-	-	-	-	-	
NC_003070.9.fa_80	15550664	15552380	15568004	15569624	-	1717	1621	18961	1.9e-21	-	-	-	-	-	-	
NC_003075.7.fa_21	2829417	2830652	2837804	2839068	+	1236	1265	9652	1.1e-21	-	-	-	-	-	-	
NC_003075.7.fa_82	5099260	5100916	5108446	5109991	-	1657	1546	10732	1.9e-24	AATAA	AATAA	TG	CA	TG	CA	
NC_003070.9.fa_93	16094141	16095800	16103148	16104811	-	1660	1664	10671	2.9e-31	TATCT	TATCT	TG	CA	TG	CA	
4----------
NC_003070.9.fa_102	16551730	16552129	16556680	16557082	-	400	403	5353	6.16e-109	TATC	TATT	TG	CA	TG	CA	
NC_003075.7.fa_15	2188976	2189357	2193914	2194313	+	382	400	5338	7.79e-192	GGTT	GTTT	TGT	CA	TG	ACA	
NC_003076.8.fa_5	5629977	5630382	5634900	5635305	+	406	406	5329	2.94e-203	-	-	-	-	-	-	
5----------
NC_003070.9.fa_103	16569858	16570796	16574306	16575243	-	939	938	5386	2.967e-183	-	-	-	-	-	-	
6----------***
NC_003071.7.fa_68	5040994	5041509	5047893	5048408	+	516	516	7415	5.4e-60	AGGTC	AGATC	TGT	ACA	TGT	ACA	
NC_003075.7.fa_11	1943796	1944302	1954809	1955320	+	507	512	11525	2.928e-57	AAGAC	AAGAC	TGT	ACA	TGT	ACA	
NC_003074.8.fa_59	13440045	13440505	13448784	13449243	-	461	460	9199	2.75184e-141	-	-	-	-	-	-	
NC_003074.8.fa_36	12491768	12492285	12501644	12502152	-	518	509	10385	4.6872e-68	ATCTC	ATTTC	TGT	ACA	TGT	ACA	
NC_003070.9.fa_104	16626036	16626554	16636715	16637233	-	519	519	11198	1.1232e-111	GCATC	TCATC	TGT	ACA	TGT	ACA	
NC_003070.9.fa_41	14196922	14197448	14206447	14206952	-	527	506	10031	9.072e-100	TAGTAT	TAGTGT	TG	CA	TG	CA	
7----------
NC_003070.9.fa_105	16638801	16639014	16645350	16645568	-	214	219	6768	1.2e-32	TAAT	CAAT	TG	ACA	TG	ACA	
8----------
NC_003070.9.fa_106	16674907	16675384	16682946	16683418	+	478	473	8512	4.23e-176	-	-	-	-	-	-	
9----------
NC_003070.9.fa_107	16853335	16853429	16857927	16858021	-	95	95	4687	1.144e-214	AAACA	ATACA	TG	CA	TG	CA	
10----------
NC_003070.9.fa_108	17023915	17024414	17028757	17029256	-	500	500	5342	2.4e-177	-	-	-	-	-	-	
NC_003074.8.fa_118	16957464	16957956	16962237	16962730	-	493	494	5267	3.115e-126	-	-	-	-	-	-	
11----------
NC_003070.9.fa_109	17054925	17055133	17059789	17060001	+	209	213	5077	3.7975e-176	-	-	-	-	-	-	
NC_003075.7.fa_102	9732597	9732808	9737518	9737732	-	212	215	5136	1.98e-201	-	-	-	-	-	-	
12----------
NC_003070.9.fa_10	11503050	11503263	11512406	11512619	+	214	214	9570	3.74e-80	-	-	-	-	-	-	
13----------***
NC_003075.7.fa_7	1789320	1789776	1795349	1795813	-	457	465	6494	5.2e-38	CTAAC	CTAAC	TGT	ACA	TGT	ACA	
NC_003071.7.fa_64	4808820	4809271	4818201	4818667	-	452	467	9848	1.4976e-121	ATAG	ATAA	TG	ACA	TGT	ACA	
NC_003070.9.fa_110	17255284	17255697	17264874	17265288	+	414	415	10005	8.9856e-174	TTAAG	TTAAG	TGT	ACA	TGT	ACA	
NC_003070.9.fa_119	18962095	18962526	18971064	18971495	-	432	432	9401	1.435e-67	GTAAC	CTAAC	TGT	ACA	TGT	ACA	
14----------***
NC_003071.7.fa_107	8561843	8562276	8566585	8567008	-	434	424	5166	3.72e-200	ATTAT	ATCAT	TG	ACA	TG	ACA	
NC_003075.7.fa_91	5965692	5966078	5970333	5970867	+	387	535	5176	2.67e-205	-	-	-	-	-	-	
NC_003075.7.fa_19	2597019	2597463	2601734	2602178	-	445	445	5160	8.55e-200	TAGAG	TAGAA	TG	ACA	TG	ACA	
NC_003070.9.fa_97	16369952	16370396	16374581	16375016	-	445	436	5065	5.742e-77	CTCGG	TTCGG	TG	ACA	TG	ACA	
NC_003070.9.fa_116	18002178	18002665	18006881	18007364	-	488	484	5187	3.663e-182	AGAAT	AAAAT	TGT	ACA	TGT	ACA	
NC_003070.9.fa_111	17360723	17361223	17365412	17365909	+	501	498	5187	1.76e-202	-	-	-	-	-	-	
NC_003071.7.fa_22	2844764	2845166	2849332	2849739	-	403	408	4976	8.05e-105	CAAAT	GAAAT	TGT	ACA	TGT	ACA	
NC_003075.7.fa_93	6067398	6067879	6072094	6072634	+	482	541	5237	9.54e-203	GTTAT	GTTAT	TGT	ACA	TGT	ACA	
NC_003076.8.fa_130	23134880	23135438	23139451	23139980	-	559	530	5101	2.73e-135	ATACT	ATACT	TGT	ACA	TGT	ACA	
NC_003071.7.fa_100	6837287	6837730	6842889	6843324	+	444	436	6038	1.26e-167	AAACT	AAACT	TGT	CA	TGT	ACA	
NC_003074.8.fa_105	15377101	15377503	15381804	15382208	+	403	405	5108	4.176e-176	ACAAC	ACAAC	TGT	ACA	TGT	ACA	
NC_003071.7.fa_35	3687123	3687515	3691777	3692177	-	393	401	5055	2.178e-193	CTTGT	CTTGT	TG	ACA	TG	ACA	
NC_003074.8.fa_6	10106161	10106692	10110935	10111466	+	532	532	5306	3.384e-215	-	-	-	-	-	-	
NC_003071.7.fa_88	5846255	5846661	5851020	5851426	-	407	407	5172	3.36e-212	-	-	-	-	-	-	
NC_003076.8.fa_23	10708154	10708643	10712872	10713296	+	490	425	5143	6.84e-97	-	-	-	-	-	-	
15----------
NC_003070.9.fa_112	17402288	17403373	17414210	17415298	-	1086	1089	13011	6e-19	-	-	-	-	-	-	
16----------***
NC_003070.9.fa_113	17473526	17473883	17476313	17476670	+	358	358	3145	2.3e-18	ACAGC	ACAGC	TG	CA	TG	CA	
NC_003074.8.fa_121	20304934	20305286	20309817	20310170	-	353	354	5237	1.1726e-153	AATG	AATT	TGT	CA	TG	ACA	
17----------
NC_003071.7.fa_103	6954018	6954175	6958645	6958816	+	158	172	4799	1.09388e-201	-	-	-	-	-	-	
NC_003071.7.fa_102	6935768	6935938	6940400	6940570	+	171	171	4803	5.2224e-154	-	-	-	-	-	-	
NC_003070.9.fa_114	17520594	17520757	17524962	17525125	+	164	164	4532	3.29376e-192	-	-	-	-	-	-	
NC_003071.7.fa_101	6909753	6909925	6914414	6914586	-	173	173	4834	1.5912e-194	-	-	-	-	-	-	
18----------***
NC_003070.9.fa_115	17676606	17676900	17681093	17681381	-	295	289	4776	3.91e-173	GTCGG	GTCGG	TGT	ACA	TGT	ACA	
19----------
NC_003070.9.fa_117	18013161	18013908	18017677	18018424	+	748	748	5264	9.13e-218	-	-	-	-	-	-	
20----------
NC_003070.9.fa_118	18828526	18828826	18832979	18833279	+	301	301	4754	8.82e-201	-	-	-	-	-	-	
NC_003071.7.fa_99	6819005	6819277	6823458	6823729	+	273	272	4725	6.37e-186	-	-	-	-	-	-	
21----------***
NC_003074.8.fa_7	10577157	10577447	10581533	10581823	-	291	291	4667	5.61e-212	-	-	-	-	-	-	
NC_003070.9.fa_11	11789451	11789740	11793806	11794076	+	290	271	4626	1.044e-202	GTCAT	GTCAT	TG	CA	TG	CA	
NC_003076.8.fa_126	18490607	18490877	18494962	18495232	-	271	271	4626	1.044e-202	GTTTT	GTTTT	TG	ACA	TG	ACA	
22----------***
NC_003070.9.fa_120	19444744	19445904	19450712	19451860	+	1161	1149	7117	3.024e-154	AAGG	AAGA	TG	CA	TG	CA	
23----------
NC_003070.9.fa_121	20085160	20085477	20089899	20090216	+	318	318	5057	1.008e-196	-	-	-	-	-	-	
24----------***
NC_003076.8.fa_120	15685053	15685189	15689836	15689972	-	137	137	4920	2.6404e-186	ATAT	AGAT	TG	ACA	TG	ACA	
NC_003070.9.fa_122	21244323	21244457	21249063	21249197	-	135	135	4875	8.68e-175	AGGAG	AGGAG	TGT	ACA	TGT	ACA	
NC_003076.8.fa_119	15671489	15671625	15676260	15676396	-	137	137	4908	2.6404e-186	ATAT	AGAT	TG	ACA	TG	ACA	
NC_003075.7.fa_88	5822425	5822559	5827165	5827299	+	135	135	4875	5.8e-174	-	-	-	-	-	-	
25----------***
NC_003075.7.fa_106	11676467	11676651	11681155	11681339	-	185	185	4873	2.34e-195	AAAAG	AAAAG	TGT	CA	TGT	CA	
NC_003076.8.fa_128	22002016	22002196	22006703	22006883	-	181	181	4868	1.98e-195	GAATG	GAATG	TGT	CA	TGT	CA	
NC_003076.8.fa_7	8624510	8624690	8629200	8629380	-	181	181	4871	1.406e-171	GAGAG	GAGAG	TGT	CA	TGT	CA	
NC_003070.9.fa_123	21346161	21346345	21350856	21351040	-	185	185	4880	8.05e-194	GAAAT	GAAAT	TGT	CA	TGT	CA	
26----------***
NC_003070.9.fa_124	21524994	21525433	21529414	21529849	-	440	436	4856	3.526e-219	AAATA	AAATA	TGT	ACA	TGT	ACA	
NC_003076.8.fa_3	4208082	4208544	4212621	4213083	-	463	463	5002	4.1e-218	GTTTT	GTTTT	TGT	ACA	TGT	ACA	
NC_003070.9.fa_6	7714698	7715145	7722099	7722547	+	448	449	7850	7.008e-200	-	-	-	-	-	-	
NC_003074.8.fa_122	22059534	22059973	22063889	22064328	+	440	440	4795	5.1e-215	-	-	-	-	-	-	
NC_003074.8.fa_55	13369173	13369612	13373666	13374106	+	440	441	4934	4.41e-192	-	-	-	-	-	-	
NC_003074.8.fa_125	22695565	22696004	22700081	22700520	-	440	440	4956	5.46e-213	TACGA	TACGA	TGT	ACA	TGT	ACA	
NC_003070.9.fa_1	3780764	3781203	3785280	3785719	+	440	440	4956	4.94e-214	-	-	-	-	-	-	
27----------
NC_003070.9.fa_125	21748193	21748616	21752959	21753388	+	424	430	5196	9.01e-77	-	-	-	-	-	-	
28----------***
NC_003070.9.fa_127	21833195	21833361	21837842	21838008	-	167	167	4814	3.74e-224	-	-	-	-	-	-	
NC_003070.9.fa_126	21796937	21797103	21801584	21801750	-	167	167	4814	1.87e-223	-	-	-	-	-	-	
NC_003075.7.fa_2	1312400	1312556	1317061	1317217	-	157	157	4818	8.14e-223	TCTAT	TCTAT	TG	ACA	TG	ACA	
29----------
NC_003070.9.fa_128	22164507	22164794	22174412	22174685	+	288	274	10179	2.6e-14	-	-	-	-	-	-	
30----------
NC_003075.7.fa_92	5987003	5987381	5991596	5991975	+	379	380	4973	4.59e-174	-	-	-	-	-	-	
NC_003070.9.fa_129	23118239	23118619	23122833	23123213	+	381	381	4975	7.3e-154	-	-	-	-	-	-	
31----------
NC_003070.9.fa_12	12406708	12407248	12409460	12409999	+	541	540	3292	3.1e-131	-	-	-	-	-	-	
32----------
NC_003070.9.fa_130	26366606	26366809	26371464	26371667	+	204	204	5062	5.5029e-195	-	-	-	-	-	-	
NC_003071.7.fa_69	5062483	5062593	5067282	5067402	-	111	121	4920	2.41918e-112	GATTA	GATTA	TGT	CA	TGT	CA	
NC_003074.8.fa_114	15919043	15919227	15923889	15924073	-	185	185	5031	4.116e-188	-	-	-	-	-	-	
33----------
NC_003070.9.fa_13	12569435	12569587	12572767	12572918	-	153	152	3484	4.1e-27	-	-	-	-	-	-	
34----------
NC_003070.9.fa_14	12664514	12664680	12673775	12673941	-	167	167	9428	1.64268e-61	-	-	-	-	-	-	
35----------
NC_003070.9.fa_15	12753505	12755464	12758422	12760388	+	1960	1967	6884	5.6e-57	-	-	-	-	-	-	
36----------***
NC_003070.9.fa_83	15610249	15610606	15615614	15615954	-	358	341	5706	6.396e-66	ATCCG	ATCCG	TGT	ACA	TG	ACA	
NC_003074.8.fa_41	12602886	12603224	12608494	12608832	-	339	339	5947	4.2e-82	-	-	-	-	-	-	
NC_003070.9.fa_20	13230574	13230951	13235934	13236257	-	378	324	5684	3.04e-120	TCCAT	TCCAT	TGT	ACA	TGT	ACA	
NC_003070.9.fa_16	12813588	12813918	12816154	12816475	+	331	322	2888	5.8e-16	CTAAT	CTAAT	TGT	ACA	TGT	ACA	
37----------
NC_003070.9.fa_17	13005236	13005523	13008027	13008314	-	288	288	3079	3.3e-14	-	-	-	-	-	-	
38----------
NC_003070.9.fa_18	13018411	13019105	13024303	13024997	-	695	695	6587	5.55e-190	-	-	-	-	-	-	
39----------
NC_003070.9.fa_19	13180611	13180991	13186474	13186854	-	381	381	6244	5.8548e-184	-	-	-	-	-	-	
40----------
NC_003070.9.fa_21	13292674	13292854	13310484	13310665	-	181	182	17992	2e-13	-	-	-	-	-	-	
41----------***
NC_003074.8.fa_67	13674751	13675157	13680058	13680456	+	407	399	5706	7.02e-175	TATCC	TATCC	TG	CA	TG	CA	
NC_003075.7.fa_107	11820159	11820549	11825334	11825724	-	391	391	5566	2.058e-175	GATTA	GATTA	TG	CA	TG	CA	
NC_003070.9.fa_22	13334465	13334859	13339478	13339869	+	395	392	5405	9.996e-140	CAATG	CAATG	TG	ACA	TG	ACA	
NC_003076.8.fa_16	10308306	10308711	10313612	10314017	-	406	406	5712	2.9575e-169	GGCTA	GGCTA	TG	CA	TG	CA	
NC_003074.8.fa_40	12580261	12580621	12586473	12586833	-	361	361	6573	2.2e-132	GTCAC	GTCAC	TG	ACA	TG	ACA	
42----------
NC_003070.9.fa_23	13397766	13398483	13401575	13402450	+	718	876	4685	1.3e-12	-	-	-	-	-	-	
NC_003075.7.fa_9	1814103	1814768	1818205	1818780	-	666	576	4678	3.7e-26	ATCA	CTCA	TGT	CA	TGT	CA	
NC_003076.8.fa_43	11479177	11479822	11488907	11489629	+	646	723	10453	3.7e-25	-	-	-	-	-	-	
NC_003076.8.fa_36	11331876	11332424	11337292	11337851	+	549	560	5976	1.2e-16	-	-	-	-	-	-	
NC_003071.7.fa_33	3652583	3653273	3657110	3657796	-	691	687	5214	1.2e-25	-	-	-	-	-	-	
NC_003075.7.fa_65	4532239	4532815	4536721	4537298	+	577	578	5060	3.8e-12	-	-	-	-	-	-	
NC_003076.8.fa_38	11358039	11358620	11372870	11373468	-	582	599	15430	6.552e-118	-	-	-	-	-	-	
43----------
NC_003074.8.fa_107	15540529	15541101	15548678	15549243	+	573	566	8715	2.4e-205	-	-	-	-	-	-	
NC_003070.9.fa_24	13439443	13440012	13447954	13448522	+	570	569	9080	3.15e-196	-	-	-	-	-	-	
44----------
NC_003074.8.fa_46	12853594	12854748	12860708	12861861	+	1155	1154	8268	1.9665e-191	-	-	-	-	-	-	
NC_003075.7.fa_23	2867756	2868908	2874760	2875912	-	1153	1153	8157	5.184e-194	-	-	-	-	-	-	
NC_003074.8.fa_47	12960373	12961527	12967300	12968465	-	1155	1166	8093	1.58625e-125	GTCTT	GTCTT	TGT	CA	TGT	CA	
NC_003074.8.fa_115	16333757	16334922	16340867	16342026	+	1166	1160	8270	3.1434e-179	-	-	-	-	-	-	
NC_003076.8.fa_25	10764242	10765399	10771351	10772502	+	1158	1152	8261	1.224e-189	-	-	-	-	-	-	
NC_003070.9.fa_98	16380110	16381255	16386516	16387682	-	1146	1167	7573	5.0025e-168	CGAAC	CAAAC	TGT	CA	TG	CA	
NC_003070.9.fa_34	13883072	13884229	13889806	13890961	+	1158	1156	7890	7.4529e-197	-	-	-	-	-	-	
NC_003075.7.fa_83	5127100	5128256	5133996	5135151	-	1157	1156	8052	8.1585e-166	CTCTT	CTCTT	TGT	CA	TGT	CA	
NC_003070.9.fa_88	15799513	15800680	15806306	15807466	+	1168	1161	7954	1.7496e-80	-	-	-	-	-	-	
NC_003076.8.fa_96	13069103	13070281	13076010	13077138	+	1179	1129	8036	1.6e-48	ATAAG	ATAAG	TGT	CA	TGT	CA	
NC_003070.9.fa_29	13659269	13660426	13666397	13667556	+	1158	1160	8288	1.6268e-195	-	-	-	-	-	-	
NC_003075.7.fa_72	4677141	4678299	4683035	4684194	-	1159	1160	7054	1.5e-142	CATTC	CATTC	TGT	CA	TGT	CA	
NC_003070.9.fa_25	13507779	13508921	13514816	13515963	-	1143	1148	8185	1.8156e-164	CTAGG	CTAGG	TGT	CA	TGT	CA	
NC_003076.8.fa_117	15490819	15491963	15497498	15498652	-	1145	1155	7834	2.418e-167	-	-	-	-	-	-	
NC_003075.7.fa_95	6529314	6530471	6536003	6537159	-	1158	1157	7846	1.1988e-176	CAAAC	CAAAC	TGT	CA	TGT	CA	
NC_003071.7.fa_8	1629643	1630785	1636336	1637480	-	1143	1145	7838	7.1288e-193	ATTAG	ATTAG	TGT	CA	TGT	CA	
NC_003071.7.fa_87	5807651	5808811	5813734	5814889	-	1161	1156	7239	2.1824e-200	TAATT	TAATT	TGT	CA	TG	CA	
NC_003074.8.fa_35	12478084	12479245	12485170	12486328	+	1162	1159	8245	1.1396e-189	-	-	-	-	-	-	
NC_003071.7.fa_95	6263278	6264441	6269940	6271098	-	1164	1159	7821	4.004e-181	ATATT	ATATT	TGT	CA	TGT	CA	
NC_003076.8.fa_80	12500667	12501824	12507762	12508921	+	1158	1160	8255	2.0368e-165	-	-	-	-	-	-	
NC_003076.8.fa_9	9181646	9182803	9188360	9189416	+	1158	1057	7771	1.06488e-176	-	-	-	-	-	-	
NC_003076.8.fa_11	9890100	9891232	9896890	9898035	-	1133	1146	7936	8.19e-130	GTTAG	GTTAG	TGT	CA	TGT	CA	
45----------
NC_003070.9.fa_26	13559842	13560073	13564593	13564824	+	232	232	4983	3.52e-151	-	-	-	-	-	-	
NC_003070.9.fa_2	5691755	5691937	5696498	5696680	+	183	183	4926	8.4448e-183	-	-	-	-	-	-	
46----------
NC_003070.9.fa_27	13592853	13594280	13598176	13599709	+	1428	1534	6857	4.1e-27	-	-	-	-	-	-	
NC_003076.8.fa_18	10461932	10463373	10468693	10470135	+	1442	1443	8204	6.3e-14	-	-	-	-	-	-	
NC_003071.7.fa_43	3957897	3959342	3976470	3977962	+	1446	1493	20066	1.6e-25	-	-	-	-	-	-	
47----------
NC_003071.7.fa_50	4198170	4198836	4210556	4211221	-	667	666	13052	6.6576e-77	-	-	-	-	-	-	
NC_003074.8.fa_83	14336989	14337739	14350822	14351584	+	751	763	14596	7.4214e-128	-	-	-	-	-	-	
NC_003075.7.fa_55	4176135	4176842	4185380	4186071	-	708	692	9937	8.3e-38	-	-	-	-	-	-	
NC_003075.7.fa_37	3455712	3456389	3467674	3468337	+	678	664	12626	3.192e-170	-	-	-	-	-	-	
NC_003071.7.fa_19	2500612	2501240	2511586	2512185	-	629	600	11574	2.22224e-167	AATA	ATTA	TG	CA	TG	CA	
NC_003070.9.fa_64	15042360	15043028	15052121	15052789	-	669	669	10430	2.0944e-165	-	-	-	-	-	-	
NC_003074.8.fa_28	12201753	12202410	12208932	12209593	+	658	662	7841	1.7e-35	-	-	-	-	-	-	
NC_003071.7.fa_78	5349511	5350193	5363680	5364363	-	683	684	14853	3.8285e-143	-	-	-	-	-	-	
NC_003075.7.fa_5	1686061	1686730	1695238	1695908	-	670	671	9848	2.8e-18	AGTG	AGTT	TGT	ACA	TGT	ACA	
NC_003070.9.fa_73	15446339	15447070	15453579	15454305	-	732	727	7967	2.1e-36	CATA	CATT	TG	CA	TG	CA	
NC_003070.9.fa_65	15064513	15065352	15075232	15076071	-	840	840	11559	1.5504e-182	AGTG	AGCG	TGT	CA	TGT	CA	
NC_003074.8.fa_101	15108165	15108950	15116722	15117492	-	786	771	9328	1.9e-36	-	-	-	-	-	-	
NC_003076.8.fa_105	13318339	13318978	13327883	13328523	-	640	641	10185	9.2e-32	ATTT	TTTT	TG	ACA	TG	ACA	
NC_003070.9.fa_90	15834526	15835280	15846755	15847509	-	755	755	12984	7.44e-187	-	-	-	-	-	-	
NC_003074.8.fa_80	14144407	14145176	14155769	14156539	+	770	771	12133	9.54719999999999e-184	-	-	-	-	-	-	
NC_003075.7.fa_31	3174177	3174991	3183445	3184246	-	815	802	10070	1.1e-23	TTTT	TTCT	TG	CA	TG	CA	
NC_003070.9.fa_56	14440571	14441386	14449181	14449971	+	816	791	9401	3.74e-103	-	-	-	-	-	-	
NC_003076.8.fa_63	12007210	12007983	12016846	12017619	+	774	774	10410	1.4e-34	-	-	-	-	-	-	
NC_003070.9.fa_79	15537121	15537827	15545507	15546208	-	707	702	9088	5.5e-18	-	-	-	-	-	-	
NC_003071.7.fa_60	4571273	4571924	4582347	4582986	-	652	640	11714	6.3504e-125	-	-	-	-	-	-	
NC_003076.8.fa_28	11078222	11078878	11085378	11086023	+	657	646	7802	2.4e-32	-	-	-	-	-	-	
NC_003071.7.fa_40	3873742	3874447	3887797	3888502	-	706	706	14761	5.1376e-131	-	-	-	-	-	-	
NC_003076.8.fa_84	12626459	12627142	12635706	12636383	-	684	678	9925	4e-36	-	-	-	-	-	-	
NC_003070.9.fa_28	13646001	13646764	13653605	13654365	-	764	761	8365	1.2e-14	TAGT	TACT	TG	ACA	TG	ACA	
NC_003074.8.fa_111	15712430	15713229	15721894	15722693	-	800	800	10264	4e-34	-	-	-	-	-	-	
NC_003075.7.fa_61	4416803	4417489	4432465	4433139	+	687	675	16337	6.1e-37	-	-	-	-	-	-	
NC_003076.8.fa_66	12100271	12101045	12112014	12112775	-	775	762	12505	2.6e-11	AAGTG	ATGTG	TGT	ACA	TGT	ACA	
NC_003076.8.fa_70	12151733	12152515	12158643	12159429	+	783	787	7697	1.7e-34	-	-	-	-	-	-	
NC_003076.8.fa_59	11916701	11917428	11926335	11927040	+	728	706	10340	6.8229e-141	-	-	-	-	-	-	
NC_003074.8.fa_29	12212942	12213578	12225176	12225812	-	637	637	12871	7.749e-173	ATTT	TTTT	TG	CA	TG	CA	
NC_003071.7.fa_75	5250079	5250930	5260636	5261493	+	852	858	11415	4.03e-164	-	-	-	-	-	-	
NC_003074.8.fa_30	12244887	12245603	12254566	12255282	-	717	717	10396	5.9e-36	-	-	-	-	-	-	
NC_003075.7.fa_75	4893310	4894086	4902755	4903536	-	777	782	10227	1.7e-36	-	-	-	-	-	-	
NC_003071.7.fa_73	5133953	5134628	5152122	5152816	+	676	695	18864	2.64e-34	-	-	-	-	-	-	
NC_003070.9.fa_39	14099595	14100277	14106886	14107569	-	683	684	7975	1.8e-36	-	-	-	-	-	-	
48----------
NC_003070.9.fa_30	13676350	13677266	13681764	13682797	-	917	1034	6448	2.1e-23	TGTTG	TATTG	TG	CA	TG	CA	
49----------
NC_003070.9.fa_31	13718565	13718923	13721948	13722308	+	359	361	3744	1.1e-16	-	-	-	-	-	-	
50----------
51----------***
NC_003070.9.fa_33	13818566	13818941	13823512	13823887	+	376	376	5322	1.33e-160	ATGTT	ATGTT	TG	ACA	TG	ACA	
NC_003074.8.fa_53	13318009	13318309	13322899	13323223	-	301	325	5215	4.257e-157	-	-	-	-	-	-	
NC_003071.7.fa_13	2075307	2075630	2080283	2080606	-	324	324	5300	2.28e-153	AGTAA	AGTAA	TGT	CA	TGT	CA	
NC_003074.8.fa_25	12019594	12019917	12024438	12024779	+	324	342	5186	2.158e-138	CGGT	CGGC	TG	CA	TGT	ACA	
NC_003076.8.fa_2	3904620	3904939	3909528	3909855	-	320	328	5236	2.7999e-152	-	-	-	-	-	-	
NC_003071.7.fa_10	1781545	1781854	1786500	1786832	+	310	333	5288	3.472e-161	-	-	-	-	-	-	
NC_003074.8.fa_1	3807305	3807688	3812259	3812642	-	384	384	5338	3.6e-161	CACAA	CACAA	TG	ACA	TG	ACA	
52----------
NC_003070.9.fa_35	13921429	13922096	13940894	13941561	+	668	668	20133	2e-39	-	-	-	-	-	-	
53----------
NC_003070.9.fa_36	13942194	13942546	13961284	13961615	+	353	332	19422	7.2e-215	-	-	-	-	-	-	
54----------***
NC_003070.9.fa_37	14019277	14019562	14024232	14024517	+	286	286	5241	6.9825e-165	GAAGA	GAAGA	TG	CA	TG	CA	
55----------
56----------
NC_003074.8.fa_91	14671126	14671447	14675563	14675867	+	322	305	4742	1.95e-198	CAAATT	CACATT	TG	CA	TG	CA	
NC_003070.9.fa_95	16176743	16177048	16181374	16181682	+	306	309	4940	5.293e-55	-	-	-	-	-	-	
NC_003074.8.fa_3	9226632	9226921	9231087	9231376	+	290	290	4745	1.014e-203	-	-	-	-	-	-	
NC_003074.8.fa_97	14963758	14964068	14966727	14967034	+	311	308	3277	1.9e-13	-	-	-	-	-	-	
NC_003071.7.fa_85	5709593	5709901	5713024	5713339	-	309	316	3747	7.82e-138	TTGT	ATGT	TG	CA	TG	CA	
NC_003075.7.fa_112	17712149	17712451	17716663	17716965	+	303	303	4817	3.75e-199	-	-	-	-	-	-	
NC_003071.7.fa_15	2302464	2302752	2306884	2307172	+	289	289	4709	9.12e-202	-	-	-	-	-	-	
NC_003074.8.fa_66	13657398	13657624	13668060	13668273	-	227	214	10876	1.078e-126	TCTT	TCTC	TG	ACA	TG	ACA	
NC_003071.7.fa_56	4460112	4460398	4470637	4470927	+	287	291	10816	1.012e-54	AGCT	AGAT	TG	ACA	TG	ACA	
NC_003071.7.fa_12	1970255	1970541	1974671	1974961	+	287	291	4707	8.58e-197	AAACT	AATCT	TG	CA	TG	CA	
NC_003070.9.fa_3	6009303	6009594	6013803	6014097	-	292	295	4795	2.4e-178	TTGT	TTGA	TG	CA	TG	CA	
NC_003076.8.fa_26	10808425	10808633	10812719	10812927	+	209	209	4503	2.368e-191	-	-	-	-	-	-	
NC_003071.7.fa_47	4116032	4116310	4120461	4120739	+	279	279	4708	2.368e-174	-	-	-	-	-	-	
57----------***
NC_003074.8.fa_119	17978731	17979237	17983434	17983929	-	507	496	5199	1.53e-200	TATC	TTTC	TG	CA	TG	ACA	
NC_003071.7.fa_44	4061044	4061540	4064965	4065461	+	497	497	4418	1.833e-179	-	-	-	-	-	-	
NC_003075.7.fa_18	2302663	2303147	2307361	2307844	+	485	484	5182	7.35e-182	-	-	-	-	-	-	
NC_003076.8.fa_49	11621559	11622065	11634496	11635002	-	507	507	13444	3.42e-65	TTTT	TTTA	TGT	ACA	TGT	ACA	
NC_003075.7.fa_105	11363555	11364024	11368180	11368652	-	470	473	5098	3.22e-191	ACACA	ACACA	TGT	ACA	TGT	ACA	
NC_003071.7.fa_70	5073838	5074357	5077903	5078420	+	520	518	4583	2.3e-44	-	-	-	-	-	-	
NC_003070.9.fa_40	14129670	14130168	14134365	14134850	-	499	486	5181	4.32e-220	ATCTC	ATCTC	TGT	ACA	TGT	ACA	
NC_003076.8.fa_112	14203873	14204355	14208580	14209063	+	483	484	5191	2.835e-192	GATGA	GATGA	TGT	ACA	TGT	ACA	
NC_003075.7.fa_17	2205871	2206379	2214478	2214951	+	509	474	9081	2.604e-150	-	-	-	-	-	-	
58----------
NC_003070.9.fa_42	14207152	14207347	14212497	14212692	+	196	196	5541	2.4e-25	-	-	-	-	-	-	
NC_003074.8.fa_27	12056087	12056254	12071116	12071283	-	168	168	15197	4e-28	-	-	-	-	-	-	
59----------
60----------
61----------
NC_003070.9.fa_45	14245502	14246144	14255185	14255821	+	643	637	10320	4.8e-31	-	-	-	-	-	-	
62----------
63----------
NC_003070.9.fa_47	14319197	14319932	14334335	14335076	+	736	742	15880	2.97e-119	-	-	-	-	-	-	
64----------
NC_003070.9.fa_52	14394841	14396066	14400083	14401310	+	1226	1228	6470	1.1e-33	-	-	-	-	-	-	
NC_003070.9.fa_48	14349188	14350413	14354430	14355657	+	1226	1228	6470	1.1e-33	-	-	-	-	-	-	
65----------
NC_003070.9.fa_53	14401313	14402451	14410389	14411546	-	1139	1158	10234	1.4e-15	-	-	-	-	-	-	
NC_003070.9.fa_49	14355660	14356798	14364736	14365893	-	1139	1158	10234	1.4e-15	-	-	-	-	-	-	
66----------***
NC_003070.9.fa_4	7065266	7065892	7075227	7075763	+	627	537	10498	3.124044e-169	CAACC	CAACC	TGT	ACA	TGT	ACA	
67----------
NC_003076.8.fa_20	10589047	10589517	10595940	10596407	+	471	468	7361	1.7e-27	-	-	-	-	-	-	
NC_003074.8.fa_38	12532367	12532823	12539284	12539728	+	457	445	7362	8.9e-12	-	-	-	-	-	-	
NC_003074.8.fa_89	14545419	14545948	14556174	14556711	+	530	538	11293	7.9e-28	-	-	-	-	-	-	
NC_003070.9.fa_54	14411546	14412054	14425619	14426141	+	509	523	14596	1e-12	-	-	-	-	-	-	
NC_003070.9.fa_50	14365893	14366401	14379966	14380488	+	509	523	14596	1e-12	-	-	-	-	-	-	
NC_003075.7.fa_67	4598852	4599352	4603252	4603767	+	501	516	4916	5.3e-36	-	-	-	-	-	-	
NC_003074.8.fa_102	15118903	15119492	15121596	15122187	-	590	592	3285	1.2e-12	-	-	-	-	-	-	
NC_003076.8.fa_53	11741588	11742048	11752331	11752791	-	461	461	11204	2.7e-32	ACTT	TCTT	TGT	CA	TGT	CA	
68----------
NC_003075.7.fa_39	3537308	3537819	3546734	3547191	-	512	458	9884	8.7e-34	ACAC	CCAC	TG	CA	TG	CA	
NC_003074.8.fa_64	13620361	13620807	13639504	13639970	-	447	467	19610	3.9664e-165	TACTT	TACTC	TGT	ACA	TGT	ACA	
NC_003071.7.fa_36	3731280	3731793	3739052	3739565	+	514	514	8286	4.95e-125	-	-	-	-	-	-	
NC_003071.7.fa_54	4408329	4408740	4413204	4413615	-	412	412	5287	6.7e-32	-	-	-	-	-	-	
NC_003070.9.fa_51	14385051	14385539	14394303	14394782	+	489	480	9732	4.1e-33	-	-	-	-	-	-	
NC_003074.8.fa_48	12982727	12983133	12992225	12992631	+	407	407	9905	2.1e-32	-	-	-	-	-	-	
NC_003074.8.fa_104	15250476	15250948	15262012	15262484	+	473	473	12009	6.8172e-174	-	-	-	-	-	-	
NC_003071.7.fa_72	5124863	5125299	5131875	5132321	-	437	447	7459	4.6e-36	CCATT	CCATC	TGT	CA	TG	CA	
NC_003075.7.fa_51	4035339	4035727	4044928	4045316	+	389	389	9978	1.1e-24	-	-	-	-	-	-	
NC_003070.9.fa_63	14898329	14898826	14908242	14908736	-	498	495	10408	3.4692e-169	TGCA	TTCA	TGT	CA	TGT	CA	
NC_003070.9.fa_60	14805640	14806164	14815550	14816077	+	525	528	10438	3.4692e-169	-	-	-	-	-	-	
69----------
NC_003070.9.fa_57	14461154	14461676	14474725	14475247	-	523	523	14094	1.3e-18	-	-	-	-	-	-	
70----------
NC_003070.9.fa_58	14482588	14483313	14488360	14489085	+	726	726	6498	9.5e-20	-	-	-	-	-	-	
71----------
NC_003070.9.fa_59	14492096	14492534	14502315	14502755	+	439	441	10660	6.7e-17	-	-	-	-	-	-	
72----------
NC_003070.9.fa_5	7432155	7432308	7449505	7449655	-	154	151	17501	7.7e-14	TTCT	TACT	TG	CA	TG	CA	
73----------
74----------
NC_003070.9.fa_67	15178291	15178940	15196975	15197626	+	650	652	19336	4.199e-183	-	-	-	-	-	-	
NC_003070.9.fa_66	15148139	15148813	15168246	15168920	+	675	675	20782	1.081e-113	-	-	-	-	-	-	
75----------
NC_003070.9.fa_68	15204892	15205659	15224718	15225485	-	768	768	20594	2.4336e-153	-	-	-	-	-	-	
76----------
NC_003070.9.fa_71	15372758	15373284	15389744	15390270	+	527	527	17513	3.54e-36	-	-	-	-	-	-	
NC_003070.9.fa_69	15274661	15275187	15291641	15292167	+	527	527	17507	3.54e-36	-	-	-	-	-	-	
77----------
NC_003070.9.fa_70	15308910	15309345	15322959	15323394	-	436	436	14485	6.24e-117	-	-	-	-	-	-	
78----------
NC_003070.9.fa_72	15389409	15390272	15408207	15409071	+	864	865	19663	1.254e-78	-	-	-	-	-	-	
79----------
NC_003070.9.fa_75	15470552	15472583	15484475	15486506	+	2032	2032	15955	3.4e-35	-	-	-	-	-	-	
NC_003076.8.fa_57	11830761	11832810	11840386	11842435	+	2050	2050	11675	1.6e-34	-	-	-	-	-	-	
NC_003070.9.fa_74	15455487	15457485	15462472	15464425	+	1999	1954	8939	3.2e-34	-	-	-	-	-	-	
80----------
NC_003070.9.fa_76	15484831	15485740	15493197	15494105	-	910	909	9275	1.176e-127	-	-	-	-	-	-	
81----------
NC_003070.9.fa_78	15509414	15509923	15521797	15522306	-	510	510	12893	3e-44	-	-	-	-	-	-	
82----------
NC_003070.9.fa_7	9368360	9368511	9373148	9373299	-	152	152	4940	9.315e-182	AGAT	TGAT	TGT	CA	TGT	CA	
NC_003074.8.fa_20	11697282	11697454	11702089	11702261	+	173	173	4980	1.482e-117	-	-	-	-	-	-	
NC_003074.8.fa_110	15621870	15622022	15626688	15626841	+	153	154	4972	3.12e-118	AGTT	TGTT	TGT	CA	TG	CA	
83----------
NC_003070.9.fa_81	15569626	15570478	15579168	15580020	+	853	853	10395	4.5552e-78	-	-	-	-	-	-	
84----------***
NC_003070.9.fa_82	15588986	15590140	15597668	15598834	+	1155	1167	9849	1.54e-92	-	-	-	-	-	-	
NC_003075.7.fa_53	4133382	4134514	4140892	4142039	+	1133	1148	8658	1.6632e-113	-	-	-	-	-	-	
NC_003076.8.fa_95	13039645	13040637	13044081	13045244	-	993	1164	5600	1.3e-31	CTTGC	CTTGC	TG	CA	TG	CA	
NC_003075.7.fa_49	3929251	3930444	3934639	3935830	-	1194	1192	6580	2.2e-27	GAACT	GAACT	TG	CA	TG	CA	
NC_003075.7.fa_36	3431700	3432843	3442302	3443379	+	1144	1078	11680	1.105e-79	-	-	-	-	-	-	
NC_003074.8.fa_34	12431456	12432654	12436066	12437256	-	1199	1191	5801	1.4e-20	TGTAG	TGTAC	TG	CA	TG	CA	
NC_003070.9.fa_86	15735668	15736838	15741189	15742392	-	1171	1204	6725	1.4e-15	ACTTC	ACTTC	TG	CA	TG	CA	
NC_003075.7.fa_73	4735923	4737034	4741290	4742480	-	1112	1191	6558	9e-18	ATTAC	ATTAC	TG	CA	TG	CA	
NC_003076.8.fa_31	11159505	11160713	11164912	11166119	+	1209	1208	6615	1.4e-27	-	-	-	-	-	-	
NC_003071.7.fa_61	4709689	4710895	4714827	4716010	+	1207	1184	6322	8.2e-30	-	-	-	-	-	-	
NC_003075.7.fa_87	5662175	5663375	5666652	5667848	+	1201	1197	5674	8.4e-13	-	-	-	-	-	-	
85----------
NC_003070.9.fa_84	15662941	15665046	15674155	15676250	+	2106	2096	13310	2.1483e-78	-	-	-	-	-	-	
86----------
NC_003070.9.fa_85	15697426	15697926	15717671	15718168	-	501	498	20743	4.4e-56	TATA	AATA	TGT	CA	TG	CA	
87----------
NC_003071.7.fa_38	3814568	3815017	3823080	3823531	-	450	452	8964	2.8e-26	ATATA	ATACA	TG	CA	TG	CA	
NC_003076.8.fa_73	12286626	12287067	12300091	12300554	-	442	464	13929	2.6e-26	TCTA	ACTA	TG	ACA	TG	CA	
NC_003074.8.fa_22	11853134	11853602	11859365	11859834	+	469	470	6701	8.4e-22	-	-	-	-	-	-	
NC_003070.9.fa_87	15753920	15754379	15760243	15760710	+	460	468	6791	5.9e-17	-	-	-	-	-	-	
88----------
NC_003070.9.fa_8	10610331	10610464	10614030	10614163	+	134	134	3833	6e-52	TTTTAT	CTTTAT	TG	CA	TG	CA	
89----------***
NC_003070.9.fa_91	16012582	16013140	16019123	16019683	-	559	561	7102	3.2e-197	GACT	GATT	TG	CA	TGT	CA	
NC_003071.7.fa_77	5331407	5331917	5337273	5337782	+	511	510	6376	7.35e-73	-	-	-	-	-	-	
90----------
NC_003075.7.fa_85	5396707	5397676	5401825	5402799	-	970	975	6093	2.2e-31	-	-	-	-	-	-	
NC_003071.7.fa_42	3944664	3945686	3958228	3959258	+	1023	1031	14595	7.9e-28	-	-	-	-	-	-	
NC_003071.7.fa_48	4161424	4162258	4173141	4173974	-	835	834	12551	3.4e-18	-	-	-	-	-	-	
NC_003075.7.fa_40	3567222	3568112	3571246	3572115	+	891	870	4894	1.7e-30	-	-	-	-	-	-	
NC_003076.8.fa_19	10582665	10583644	10588051	10589046	+	980	996	6382	3e-28	-	-	-	-	-	-	
NC_003070.9.fa_92	16045334	16046180	16050868	16051713	+	847	846	6380	1.4e-22	-	-	-	-	-	-	
NC_003074.8.fa_24	11997451	11998380	12012444	12013343	-	930	900	15893	4e-12	ATTC	ATTA	TG	CA	TG	CA	
NC_003076.8.fa_34	11293465	11294410	11307855	11308810	+	946	956	15346	1.298e-78	-	-	-	-	-	-	
NC_003076.8.fa_99	13142551	13143431	13148048	13148925	-	881	878	6375	3.7e-25	-	-	-	-	-	-	
91----------***
NC_003076.8.fa_124	17596763	17597299	17605297	17605845	+	537	549	9083	5.44e-233	GATAT	GATAT	TGT	CA	TGT	CA	
NC_003075.7.fa_16	2198164	2198713	2203443	2203992	-	550	550	5829	6.3e-13	CTGAC	CTGAC	TGT	CA	TGT	CA	
NC_003076.8.fa_127	18933085	18933629	18938401	18938944	-	545	544	5860	1.4e-11	TTAT	TAAT	TG	CA	TGT	CA	
NC_003071.7.fa_14	2274201	2274751	2279496	2280047	+	551	552	5847	1.3e-12	-	-	-	-	-	-	
NC_003070.9.fa_94	16117828	16118366	16123525	16124075	+	539	551	6248	5e-12	AGTAG	AGTAG	TGT	CA	TGT	CA	
92----------***
NC_003070.9.fa_96	16191047	16191914	16197856	16198715	+	868	860	7669	2.7048e-161	tCTTA	TCTTA	TG	CA	TG	CA	
NC_003074.8.fa_2	8537354	8538175	8542737	8543558	+	822	822	6205	4.032e-76	TATAT	TATAT	TG	CA	TG	CA	
NC_003074.8.fa_39	12549508	12550406	12555023	12555917	-	899	895	6410	2.268e-79	CTCCA	CTCCA	TG	CA	TG	CA	
93----------
NC_003070.9.fa_99	16387796	16388143	16397820	16398168	+	348	349	10373	1.482e-112	-	-	-	-	-	-	
94----------***
NC_003074.8.fa_120	18791151	18791503	18795735	18796087	+	353	353	4937	7.44e-180	-	-	-	-	-	-	
NC_003070.9.fa_9	11148090	11148385	11152539	11152834	-	296	296	4745	1.408e-183	GCAAT	GCAAT	TGT	CA	TGT	CA	
95----------
96----------***
NC_003074.8.fa_17	11652696	11652949	11657489	11657742	+	254	254	5047	1.848e-175	GAAAC	GAAAC	TGT	CA	TGT	CA	
NC_003071.7.fa_104	7224083	7224332	7228874	7229123	-	250	250	5041	1.254e-188	TAACC	TAAAC	TGT	CA	TGT	CA	
97----------
NC_003071.7.fa_105	7448760	7448931	7454118	7454289	-	172	172	5530	1.455e-177	-	-	-	-	-	-	
98----------***
NC_003071.7.fa_106	7598599	7598963	7602246	7602610	-	365	365	4012	6.76e-195	CAGAC	CAGAC	TGT	ACA	TGT	ACA	
99----------
NC_003071.7.fa_108	8816055	8816228	8820712	8820885	-	174	174	4831	3.12e-198	-	-	-	-	-	-	
100----------***
NC_003075.7.fa_94	6467400	6468099	6472365	6473066	+	700	702	5667	5.76e-185	-	-	-	-	-	-	
NC_003071.7.fa_51	4230742	4231507	4235747	4236511	+	766	765	5770	1.62e-171	GTTAC	GTTAC	TGT	ACA	TGT	ACA	
NC_003071.7.fa_109	9187491	9188214	9194555	9195278	-	724	724	7788	3.888e-197	GGTTT	GGTTT	TGT	ACA	TGT	ACA	
NC_003071.7.fa_28	3160552	3161266	3165568	3166282	-	715	715	5731	3.276e-199	-	-	-	-	-	-	
NC_003074.8.fa_116	16691858	16692591	16696862	16697595	-	734	734	5738	2.52e-201	CAAAC	CAAAC	TGT	ACA	TGT	ACA	
101----------
NC_003076.8.fa_129	22613354	22613510	22618109	22618265	-	157	157	4912	1.44e-190	-	-	-	-	-	-	
NC_003076.8.fa_108	13948925	13949114	13953818	13954003	+	190	186	5079	1.44e-181	-	-	-	-	-	-	
NC_003071.7.fa_25	2902329	2902485	2906960	2907116	+	157	157	4788	8.6e-183	-	-	-	-	-	-	
NC_003071.7.fa_110	10488231	10488387	10491783	10491920	-	157	138	3690	1.504e-171	AGAA	GGAA	TG	CA	TG	ACA	
NC_003076.8.fa_15	10128752	10128916	10133695	10133860	+	165	166	5109	9.72e-186	-	-	-	-	-	-	
NC_003076.8.fa_22	10638489	10638649	10643206	10643368	+	161	163	4880	1.034e-140	TGGG	TGGT	TGT	CA	TG	CA	
102----------
NC_003071.7.fa_11	1894244	1894484	1913070	1913293	-	241	224	19050	3.38e-195	TTAG	TGAG	TG	ACA	TG	ACA	
103----------
104----------
NC_003074.8.fa_21	11841408	11841603	11845872	11846089	-	196	218	4682	1.9e-14	-	-	-	-	-	-	
NC_003071.7.fa_17	2414848	2415121	2424072	2424355	+	274	284	9508	6.6e-95	-	-	-	-	-	-	
105----------
106----------
107----------
NC_003071.7.fa_2	22773	24007	28164	29427	-	1235	1264	6655	3.06e-156	-	-	-	-	-	-	
NC_003074.8.fa_14	11416917	11418127	11423169	11424398	+	1211	1230	7482	3.5816e-189	-	-	-	-	-	-	
NC_003071.7.fa_20	2562809	2564009	2569437	2570583	-	1201	1147	7775	7.905e-192	-	-	-	-	-	-	
NC_003071.7.fa_4	42163	43449	48500	49786	-	1287	1287	7624	1.1925e-196	AAAAC	AAAAC	TGT	CA	TGT	CA	
NC_003074.8.fa_81	14159683	14160841	14164453	14165597	-	1159	1145	5915	2.263e-111	-	-	-	-	-	-	
NC_003071.7.fa_1	16329	17646	22689	24006	-	1318	1318	7678	1.014e-189	TGCGT	TGCGT	TGT	CA	TGT	CA	
NC_003075.7.fa_8	1796166	1797326	1803601	1804761	+	1161	1161	8596	9.72e-96	-	-	-	-	-	-	
108----------
NC_003071.7.fa_21	2793406	2794165	2798986	2799746	+	760	761	6341	2.24e-138	TGATCA	TCATCA	TG	CA	TG	CA	
109----------***
NC_003071.7.fa_23	2858587	2859310	2863463	2864186	-	724	724	5600	3.64e-177	GCAA	GGAA	TG	CA	TG	CA	
110----------
NC_003071.7.fa_26	3083893	3084415	3088957	3089479	-	523	523	5587	4.76e-189	TGCACA	TGCGCA	TG	CA	TG	CA	
111----------***
NC_003071.7.fa_29	3221679	3222264	3238350	3238941	-	586	592	17263	5.5e-152	TCATC	ACATC	TG	CA	TG	CA	
112----------
NC_003071.7.fa_31	3532290	3533889	3537705	3539332	+	1600	1628	7043	4.1e-27	-	-	-	-	-	-	
113----------
NC_003076.8.fa_32	11177254	11177447	11192673	11192860	-	194	188	15607	8.3e-37	CATTTT	CATATT	TGT	CA	TG	CA	
NC_003076.8.fa_76	12397707	12397941	12417602	12417836	+	235	235	20130	5.376e-173	-	-	-	-	-	-	
NC_003074.8.fa_94	14795513	14795664	14810295	14810446	+	152	152	14934	1.9e-34	-	-	-	-	-	-	
NC_003071.7.fa_32	3546596	3546756	3551046	3551205	-	161	160	4610	4e-36	-	-	-	-	-	-	
NC_003074.8.fa_62	13580735	13580987	13586679	13586890	+	253	212	6156	2.9e-34	AAGA	AAAA	TG	CA	TG	CA	
114----------
NC_003075.7.fa_86	5591443	5591617	5596242	5596416	+	175	175	4974	2.86e-67	-	-	-	-	-	-	
NC_003071.7.fa_34	3667038	3667238	3671739	3671939	+	201	201	4902	8.96e-131	-	-	-	-	-	-	
115----------
116----------***
NC_003071.7.fa_37	3752538	3753024	3762693	3763186	-	487	494	10649	3.4048e-77	ATTAC	ATTAC	TGT	ACA	TGT	ACA	
117----------***
NC_003071.7.fa_3	28155	29426	42246	43449	+	1272	1204	15295	3.072e-130	AGCC	AGTC	TG	ACA	TG	ACA	
118----------
NC_003071.7.fa_41	3890523	3890802	3895978	3896288	-	280	311	5766	1.537e-60	-	-	-	-	-	-	
NC_003074.8.fa_78	14025500	14025865	14034215	14034562	+	366	348	9063	2.475e-117	-	-	-	-	-	-	
119----------***
NC_003075.7.fa_54	4155567	4156629	4161060	4162101	-	1063	1042	6535	1.4e-21	TATA	TATC	TG	ACA	TG	CA	
120----------
NC_003071.7.fa_45	4090709	4091065	4095759	4096114	-	357	356	5406	2.85e-140	AAGA	AATA	TGT	CA	TG	CA	
121----------
NC_003074.8.fa_96	14860994	14861242	14865940	14866189	+	249	250	5196	1.003e-197	-	-	-	-	-	-	
NC_003071.7.fa_46	4110960	4111202	4115464	4115701	+	243	238	4742	2.001e-89	GACT	AACT	TG	CA	TG	CA	
122----------
NC_003071.7.fa_52	4236656	4237459	4243049	4243851	+	804	803	7196	6.6521e-189	-	-	-	-	-	-	
123----------
NC_003074.8.fa_65	13644318	13645058	13654098	13654838	+	741	741	10521	1.9e-35	-	-	-	-	-	-	
NC_003076.8.fa_47	11577215	11577930	11586570	11587286	+	716	717	10072	1.6e-39	-	-	-	-	-	-	
NC_003071.7.fa_53	4283918	4284593	4291177	4291868	-	676	692	7951	3.9e-32	TTCG	TTCT	TG	CA	TG	CA	
124----------***
NC_003071.7.fa_6	1388831	1389012	1393719	1393900	-	182	182	5070	2.2e-61	ATAAC	ATAAC	TGT	ACA	TGT	ACA	
NC_003076.8.fa_82	12569137	12569303	12583547	12583713	+	167	167	14577	6.6528e-94	-	-	-	-	-	-	
NC_003071.7.fa_55	4442068	4442251	4445651	4445834	+	184	184	3767	1.26e-29	-	-	-	-	-	-	
125----------
NC_003071.7.fa_57	4490693	4491069	4500386	4500761	-	377	376	10069	2.58075e-114	CTGT	TTGT	TG	ACA	TG	ACA	
NC_003076.8.fa_88	12766896	12767244	12776478	12776825	-	349	348	9930	6.995736e-89	-	-	-	-	-	-	
126----------
NC_003074.8.fa_87	14448996	14449423	14462845	14463273	+	428	429	14278	4.9e-31	-	-	-	-	-	-	
NC_003071.7.fa_59	4558525	4559017	4565639	4566132	-	493	494	7608	8.085e-171	-	-	-	-	-	-	
127----------
NC_003071.7.fa_5	926130	926345	929758	929957	-	216	200	3828	1.064e-65	GGTT	GTTT	TGT	ACA	TGT	ACA	
128----------
NC_003071.7.fa_62	4737698	4738950	4752792	4754055	-	1253	1264	16358	1.4e-33	-	-	-	-	-	-	
129----------
NC_003071.7.fa_63	4775605	4776355	4779749	4780520	-	751	772	4916	2.9e-21	-	-	-	-	-	-	
130----------
NC_003071.7.fa_65	4818683	4818995	4825848	4826179	+	313	332	7497	1.54e-71	-	-	-	-	-	-	
131----------
NC_003071.7.fa_66	4838481	4839787	4847202	4848497	+	1307	1296	10017	3.74e-51	-	-	-	-	-	-	
132----------
133----------
NC_003071.7.fa_74	5223931	5225700	5236214	5237985	-	1770	1772	14055	5.8374e-120	TTCG	TTCG	TG	CA	TG	CA	
134----------
NC_003071.7.fa_76	5297679	5298014	5312838	5313171	+	336	334	15493	3.0294e-135	-	-	-	-	-	-	
135----------
NC_003071.7.fa_79	5372495	5373488	5380084	5381088	-	994	1005	8594	6.4e-94	GACTT	GACAT	TGT	ACA	TGT	CA	
136----------
NC_003071.7.fa_7	1557084	1557261	1561920	1562061	-	178	142	4978	1.20416e-126	AATTT	AAATT	TG	ACA	TG	ACA	
137----------
NC_003076.8.fa_1	64771	65107	70862	71198	-	337	337	6428	1.159e-129	GCATC	GCATC	TGT	ACA	TGT	ACA	
NC_003074.8.fa_12	11335552	11335887	11341559	11341894	+	336	336	6343	3.36e-130	-	-	-	-	-	-	
NC_003076.8.fa_8	8927996	8928332	8933991	8934327	+	337	337	6332	1.82e-130	-	-	-	-	-	-	
NC_003076.8.fa_67	12113703	12114039	12119797	12120133	+	337	337	6431	1.464e-129	-	-	-	-	-	-	
NC_003071.7.fa_80	5394708	5395035	5399325	5399652	+	328	328	4945	7.29e-110	-	-	-	-	-	-	
138----------
NC_003071.7.fa_81	5446750	5447166	5462837	5463254	-	417	418	16505	3.9675e-134	-	-	-	-	-	-	
139----------
NC_003071.7.fa_82	5468372	5468593	5481443	5481655	+	222	213	13284	1.54e-90	-	-	-	-	-	-	
140----------
NC_003076.8.fa_10	9211809	9212528	9217967	9218668	-	720	702	6860	6.6e-25	-	-	-	-	-	-	
NC_003071.7.fa_83	5484009	5484700	5489767	5490467	-	692	701	6459	4.8e-39	-	-	-	-	-	-	
141----------
142----------***
NC_003071.7.fa_86	5780271	5781262	5786736	5787731	-	992	996	7461	8.448e-145	-	-	-	-	-	-	
NC_003074.8.fa_11	11328629	11329602	11334590	11335560	+	974	971	6932	1.173e-45	-	-	-	-	-	-	
NC_003074.8.fa_42	12613307	12614365	12619885	12620938	-	1059	1054	7632	4.4165e-180	AAAGG	AAAGG	TGT	CA	TGT	CA	
143----------
NC_003071.7.fa_89	5852421	5852578	5857271	5857428	+	158	158	5008	7.068e-198	-	-	-	-	-	-	
144----------
NC_003071.7.fa_90	5984985	5985912	5994707	5995620	+	928	914	10636	3.5e-30	-	-	-	-	-	-	
145----------
NC_003071.7.fa_91	6023867	6024049	6032714	6032896	-	183	183	9030	1.554e-186	-	-	-	-	-	-	
146----------
NC_003071.7.fa_92	6084088	6084375	6099528	6099812	+	288	285	15725	5.6e-34	-	-	-	-	-	-	
147----------***
NC_003076.8.fa_72	12214128	12214630	12224687	12225101	+	503	415	10974	8.91825e-139	-	-	-	-	-	-	
NC_003075.7.fa_41	3572115	3572619	3583305	3583809	-	505	505	11695	1.599e-151	ATAAT	ATAGT	TGT	ACA	TGT	ACA	
NC_003075.7.fa_43	3704585	3705091	3716220	3716722	-	507	503	12138	7.22358e-146	CCCAC	CCCAC	TGT	CA	TGT	ACA	
NC_003074.8.fa_23	11865146	11865633	11882162	11882672	+	488	511	17527	2.556e-135	AAGAT	AAAAT	TGT	ACA	TGT	CA	
NC_003074.8.fa_103	15139585	15140041	15146810	15147266	-	457	457	7682	4.7e-32	-	-	-	-	-	-	
NC_003076.8.fa_29	11086019	11086525	11098698	11099204	+	507	507	13186	7.654e-108	-	-	-	-	-	-	
NC_003076.8.fa_46	11527309	11527809	11537771	11538272	+	501	502	10964	9.0045e-100	-	-	-	-	-	-	
NC_003071.7.fa_93	6113206	6113708	6124242	6124744	+	503	503	11539	1.0353e-142	-	-	-	-	-	-	
NC_003075.7.fa_63	4502300	4502802	4513610	4514085	-	503	476	11786	3.5112e-122	GCAAG	GCAAG	TGT	ACA	TGT	ACA	
148----------
NC_003071.7.fa_94	6256495	6256662	6260764	6260931	+	168	168	4437	3.99504e-135	-	-	-	-	-	-	
149----------***
NC_003075.7.fa_90	5905481	5905861	5916606	5916986	-	381	381	11506	7.84e-87	-	-	-	-	-	-	
NC_003075.7.fa_84	5303773	5304197	5308622	5309048	-	425	427	5276	4.64e-184	TAAAT	TAAAT	TGT	ACA	TGT	ACA	
NC_003071.7.fa_96	6422229	6422611	6426912	6427294	-	383	383	5066	1.26e-184	-	-	-	-	-	-	
150----------
NC_003071.7.fa_97	6546049	6546289	6562392	6562624	+	241	233	16576	4.092e-136	ATAG	AAAG	TG	CA	TG	CA	
151----------
NC_003071.7.fa_98	6717297	6717725	6728368	6728789	+	429	422	11493	4.1748e-155	-	-	-	-	-	-	
152----------
NC_003071.7.fa_9	1688799	1689941	1697059	1698215	-	1143	1157	9417	3.77e-69	-	-	-	-	-	-	
153----------
NC_003074.8.fa_100	15081072	15081612	15084493	15085033	-	541	541	3962	2.9e-34	-	-	-	-	-	-	
154----------
155----------
156----------
NC_003074.8.fa_108	15574784	15575858	15584406	15585475	-	1075	1070	10692	8.6436e-90	TAGC	TAGC	TG	ACA	TG	ACA	
157----------***
NC_003074.8.fa_54	13360108	13360638	13367778	13368308	-	531	531	8201	1.656e-253	CCACC	CCACC	TG	CA	TG	CA	
NC_003074.8.fa_109	15591668	15592177	15600313	15600821	+	510	509	9154	6.11e-197	-	-	-	-	-	-	
158----------
NC_003074.8.fa_10	11318301	11319084	11327495	11328282	-	784	788	9982	1e-21	-	-	-	-	-	-	
159----------
NC_003074.8.fa_112	15768785	15768946	15773585	15773746	-	162	162	4962	4.2336e-195	-	-	-	-	-	-	
160----------***
NC_003074.8.fa_113	15848720	15849060	15853544	15853861	-	341	318	5142	8.1648e-131	TTTGA	ATTGA	TG	CA	TG	ACA	
161----------***
NC_003074.8.fa_117	16809182	16809414	16813912	16814147	-	233	236	4966	3e-188	TATT	TATT	TG	CA	TG	ACA	
162----------***
NC_003074.8.fa_123	22232174	22232408	22236560	22236801	+	235	242	4628	3.36e-203	ATCTA	ATCTA	TGT	ACA	TGT	ACA	
163----------
NC_003074.8.fa_124	22382841	22384113	22390238	22391510	-	1273	1273	8670	1.056e-183	-	-	-	-	-	-	
164----------
NC_003074.8.fa_126	23100312	23100528	23104637	23104852	-	217	216	4541	5.332e-196	-	-	-	-	-	-	
165----------***
NC_003074.8.fa_13	11387807	11388240	11393998	11394417	+	434	420	6611	7.14e-95	CAATC	CAATC	TGT	ACA	TG	ACA	
166----------
NC_003074.8.fa_15	11486693	11487350	11493833	11494485	-	658	653	7793	1.1e-30	AAGAT	AACAT	TG	CA	TG	CA	
167----------***
NC_003074.8.fa_16	11578844	11579093	11586218	11586480	+	250	263	7637	2.233e-144	TTGAG	TTGAG	TG	CA	TG	CA	
168----------***
NC_003074.8.fa_18	11664968	11665331	11669413	11669786	+	364	374	4819	3.52e-212	ACACA	ACACA	TGT	CA	TGT	ACA	
169----------
NC_003074.8.fa_19	11678189	11678763	11688981	11689557	+	575	577	11369	1.496e-200	-	-	-	-	-	-	
170----------
171----------***
NC_003074.8.fa_26	12025165	12025620	12039575	12040031	-	456	457	14867	7.425e-225	AACC	AACT	TG	CA	TG	CA	
172----------
NC_003074.8.fa_31	12320339	12320509	12327192	12327361	-	171	170	7023	9.1e-14	-	-	-	-	-	-	
173----------
NC_003074.8.fa_33	12391912	12392858	12399262	12400207	+	947	946	8296	2.31e-76	-	-	-	-	-	-	
174----------***
NC_003074.8.fa_37	12502632	12502927	12508065	12508393	+	296	329	5762	2.436e-111	CATTT	CATTT	TGT	CA	TGT	CA	
175----------
176----------
NC_003074.8.fa_43	12673694	12674385	12683484	12684171	-	692	688	10478	3.8e-20	-	-	-	-	-	-	
177----------
NC_003074.8.fa_44	12695931	12697874	12702605	12704550	+	1944	1946	8620	3.8e-34	-	-	-	-	-	-	
178----------***
NC_003074.8.fa_49	13087357	13088105	13092041	13092790	-	749	750	5434	1.1e-25	-	-	-	-	-	-	
NC_003076.8.fa_44	11503488	11504267	11512082	11512861	-	780	780	9374	8.736e-72	TTTGT	TTTGT	TGT	ACA	TGT	ACA	
NC_003075.7.fa_4	1669365	1670162	1679444	1680246	-	798	803	10882	3.2706e-94	CTCGC	CTCGC	TGT	ACA	TGT	ACA	
NC_003076.8.fa_14	10102583	10103253	10114822	10115524	-	671	703	12942	7.77e-83	-	-	-	-	-	-	
NC_003075.7.fa_13	2001188	2001993	2010159	2010968	+	806	810	9781	1.297035e-67	-	-	-	-	-	-	
NC_003076.8.fa_27	11042769	11043530	11056883	11057641	-	762	759	14873	6.391e-62	TGTTT	TGTTT	TGT	ACA	TGT	ACA	
NC_003074.8.fa_99	15030761	15031606	15047291	15048139	+	846	849	17379	2.55e-163	TTGAC	TTGAC	TGT	ACA	TGT	CA	
NC_003074.8.fa_71	13884156	13884881	13893510	13894234	+	726	725	10079	8.8464e-52	-	-	-	-	-	-	
NC_003074.8.fa_51	13240355	13241157	13251394	13252196	+	803	803	11842	5.9892e-158	GAGTG	GAGTG	TGT	ACA	TGT	ACA	
179----------
NC_003075.7.fa_99	8313619	8313838	8318846	8319065	+	220	220	5447	8.99e-157	-	-	-	-	-	-	
NC_003074.8.fa_4	9387869	9388041	9393091	9393263	+	173	173	5395	2.115e-168	TTGGAT	TCGGAT	TG	CA	TG	CA	
NC_003076.8.fa_107	13736050	13736235	13740947	13741135	-	186	189	5086	1.785e-146	TTTT	TCTT	TG	ACA	TG	CA	
180----------
NC_003075.7.fa_81	5078716	5079399	5083488	5084233	+	684	746	5518	1.224e-104	-	-	-	-	-	-	
NC_003074.8.fa_50	13164427	13165128	13170106	13170807	+	702	702	6381	9.12e-129	-	-	-	-	-	-	
181----------
NC_003074.8.fa_52	13252419	13252725	13263085	13263391	-	307	307	10973	4.32e-97	-	-	-	-	-	-	
182----------***
NC_003074.8.fa_58	13429765	13430607	13435322	13436147	+	843	826	6383	3.75e-37	TCAGG	TCAGG	TG	CA	TG	CA	
183----------
NC_003074.8.fa_5	9692209	9692741	9696999	9697529	-	533	531	5321	1.98e-184	CTGGA	CTGAA	TG	CA	TG	ACA	
184----------
NC_003074.8.fa_60	13549012	13549335	13555468	13555791	+	324	324	6780	4.7e-25	-	-	-	-	-	-	
185----------***
NC_003074.8.fa_61	13561768	13562355	13567816	13568404	-	588	589	6637	5.51e-180	TCCAA	TCCAA	TGT	CA	TGT	CA	
NC_003075.7.fa_70	4651173	4651682	4660393	4660903	-	510	511	9731	2.31e-131	-	-	-	-	-	-	
NC_003075.7.fa_6	1749269	1749854	1755221	1755806	+	586	586	6538	1.551e-207	ACAGT	ACAGT	TGT	CA	TGT	CA	
186----------
187----------
NC_003074.8.fa_68	13735951	13736907	13755448	13756426	-	957	979	20476	7.02e-175	-	-	-	-	-	-	
188----------
NC_003074.8.fa_70	13822646	13823341	13829750	13830444	-	696	695	7799	5.4e-34	-	-	-	-	-	-	
189----------
NC_003074.8.fa_72	13898993	13899653	13918308	13918969	+	661	662	19977	4.752e-173	-	-	-	-	-	-	
190----------
NC_003074.8.fa_74	13933787	13934004	13948964	13949181	-	218	218	15395	6.5e-37	-	-	-	-	-	-	
191----------
NC_003074.8.fa_75	13966364	13966556	13973610	13973801	+	193	192	7438	1.4e-30	-	-	-	-	-	-	
NC_003076.8.fa_33	11195210	11195358	11213190	11213338	+	149	149	18129	1.326e-200	-	-	-	-	-	-	
192----------***
NC_003074.8.fa_76	13994046	13994301	14000431	14000670	-	256	240	6625	2.9e-13	TTAT	TTGT	TG	CA	TG	CA	
NC_003076.8.fa_71	12159734	12160022	12169837	12170126	+	289	290	10393	9.72e-144	-	-	-	-	-	-	
193----------***
NC_003074.8.fa_77	14006918	14008071	14012809	14013965	+	1154	1157	7048	1.63392e-147	CTTC	CTTG	TG	CA	TG	CA	
194----------
NC_003074.8.fa_82	14245159	14245580	14255151	14255626	+	422	476	10468	9.43e-107	-	-	-	-	-	-	
NC_003076.8.fa_121	15922342	15922755	15926956	15927371	+	414	416	5030	1.4e-19	-	-	-	-	-	-	
195----------
NC_003074.8.fa_84	14356087	14356360	14359706	14359988	-	274	283	3902	1.14e-78	TCTA	TATA	TG	CA	TG	CA	
196----------
NC_003074.8.fa_85	14428367	14428570	14436579	14436760	-	204	182	8394	2.3e-82	CCTC	CATC	TG	CA	TG	ACA	
197----------
NC_003074.8.fa_86	14441456	14441730	14445700	14445975	+	275	276	4520	2.6e-21	-	-	-	-	-	-	
198----------
NC_003074.8.fa_88	14503907	14504216	14511398	14511698	-	310	301	7792	2.64e-143	-	-	-	-	-	-	
199----------
NC_003074.8.fa_8	11116149	11116364	11121876	11122091	-	216	216	5943	1.3056e-167	-	-	-	-	-	-	
200----------
NC_003075.7.fa_64	4517954	4518111	4526788	4526947	-	158	160	8994	8.84e-46	TCCA	TCAA	TG	CA	TGT	CA	
NC_003074.8.fa_90	14563694	14563893	14572963	14573162	+	200	200	9469	3.8e-76	-	-	-	-	-	-	
201----------
NC_003074.8.fa_92	14703403	14704301	14709516	14710412	-	899	897	7010	4.5e-163	-	-	-	-	-	-	
202----------***
NC_003074.8.fa_93	14729394	14729773	14734225	14734604	-	380	380	5211	8.32e-75	TTGTG	TTGTG	TG	CA	TG	CA	
203----------
NC_003074.8.fa_9	11122706	11122845	11127535	11127674	-	140	140	4969	2.805e-181	-	-	-	-	-	-	
204----------
NC_003075.7.fa_101	9499876	9500098	9518507	9518729	-	223	223	18854	1.3e-32	-	-	-	-	-	-	
205----------
NC_003075.7.fa_103	10752887	10754838	10760618	10762470	+	1952	1853	9584	1.5e-23	GCGT	GTGT	TGT	CA	TG	CA	
206----------
NC_003075.7.fa_104	10993001	10993365	10997682	10998057	+	365	376	5057	1.92e-180	ATCAG	ATCAT	TG	CA	TG	CA	
207----------
NC_003075.7.fa_108	12121829	12124486	12131882	12134514	+	2658	2633	12686	1.5e-127	-	-	-	-	-	-	
208----------
NC_003075.7.fa_109	13624547	13624753	13626980	13627186	+	207	207	2640	1.5e-19	TCAAG	TCAAG	TG	ACA	TG	ACA	
209----------***
NC_003075.7.fa_110	14258824	14259187	14263457	14263829	+	364	373	5006	8.51e-146	CTATT	CTATT	TGT	CA	TGT	CA	
210----------
NC_003075.7.fa_111	15551901	15552082	15565543	15565724	-	182	182	13824	2.4e-35	-	-	-	-	-	-	
211----------
NC_003075.7.fa_12	1973462	1974091	1992360	1993063	+	630	704	19602	6.0858e-174	-	-	-	-	-	-	
212----------
NC_003075.7.fa_14	2064098	2064305	2068597	2068804	-	208	208	4707	2.72e-185	-	-	-	-	-	-	
213----------
NC_003075.7.fa_1	60023	60808	66064	66797	+	786	734	6775	2.1e-15	-	-	-	-	-	-	
214----------***
NC_003076.8.fa_109	13994794	13995427	13999590	14000223	+	634	634	5430	7.75e-206	ATACC	ATACC	TGT	ACA	TGT	ACA	
NC_003075.7.fa_20	2643343	2643975	2648186	2648818	-	633	633	5476	8.16e-199	CTATA	TTATA	TGT	ACA	TGT	ACA	
215----------
NC_003075.7.fa_22	2851366	2851772	2864306	2864713	+	407	408	13348	9.7e-34	-	-	-	-	-	-	
216----------
NC_003075.7.fa_24	2881434	2881933	2884525	2885024	+	500	500	3591	6.4e-35	-	-	-	-	-	-	
217----------
NC_003075.7.fa_25	2887707	2888452	2897703	2898443	+	746	741	10737	2.6e-36	-	-	-	-	-	-	
218----------***
NC_003075.7.fa_28	3074374	3074667	3083610	3083896	-	294	287	9523	1e-30	CTATA	CTAGA	TG	CA	TG	ACA	
219----------
NC_003075.7.fa_30	3113958	3114727	3123579	3124356	-	770	778	10399	7.744e-112	CAGG	GAGG	TG	CA	TGT	ACA	
220----------
NC_003076.8.fa_60	11936661	11936999	11945567	11945905	+	339	339	9245	1.2e-40	-	-	-	-	-	-	
NC_003075.7.fa_33	3310188	3310527	3313085	3313423	-	340	339	3236	1.7e-33	-	-	-	-	-	-	
221----------
NC_003075.7.fa_35	3386199	3387983	3393856	3395481	-	1785	1626	9283	2.3e-33	-	-	-	-	-	-	
222----------
NC_003075.7.fa_38	3484554	3484833	3497286	3497543	+	280	258	12990	1.2e-32	-	-	-	-	-	-	
223----------
NC_003075.7.fa_3	1619053	1619320	1624150	1624417	+	268	268	5365	1.51126e-154	-	-	-	-	-	-	
224----------
NC_003075.7.fa_42	3585079	3585961	3596378	3597263	-	883	886	12185	9.9e-34	-	-	-	-	-	-	
225----------
NC_003075.7.fa_47	3881653	3881822	3886251	3886420	+	170	170	4768	3.5424e-122	-	-	-	-	-	-	
226----------
NC_003076.8.fa_42	11472067	11472633	11478622	11479188	-	567	567	7122	7.1e-17	-	-	-	-	-	-	
NC_003075.7.fa_48	3907465	3908074	3914590	3915199	+	610	610	7735	3.9e-16	-	-	-	-	-	-	
227----------
NC_003075.7.fa_52	4087064	4087231	4106202	4106366	-	168	165	19303	1.6038e-142	AATAT	AAAAT	TGT	CA	TGT	CA	
228----------
NC_003075.7.fa_56	4206544	4206834	4214134	4214423	-	291	290	7880	4.7e-30	-	-	-	-	-	-	
229----------***
NC_003075.7.fa_57	4235389	4235734	4251330	4251675	-	346	346	16287	1.43e-67	TAAC	TTAC	TG	ACA	TG	ACA	
230----------***
NC_003075.7.fa_59	4294663	4295253	4308658	4309175	-	591	518	14513	4.25e-29	CAAA	CATA	TG	CA	TG	CA	
231----------
NC_003075.7.fa_60	4356270	4356496	4373060	4373286	+	227	227	17017	2.829575e-72	-	-	-	-	-	-	
232----------***
NC_003075.7.fa_62	4432456	4434092	4450225	4451931	-	1637	1707	19476	4.55e-151	AAAT	AACT	TG	CA	TG	CA	
233----------
234----------
NC_003075.7.fa_66	4536132	4537029	4544617	4545547	-	898	931	9416	3.4e-30	-	-	-	-	-	-	
235----------
NC_003075.7.fa_68	4623488	4623723	4627982	4628208	-	236	227	4721	1.247e-85	AAAT	AACT	TGT	CA	TGT	CA	
236----------
NC_003075.7.fa_69	4645806	4645969	4648155	4648318	-	164	164	2513	1.4e-36	-	-	-	-	-	-	
237----------
NC_003075.7.fa_71	4670284	4671318	4675277	4676310	+	1035	1034	6027	1.44e-51	-	-	-	-	-	-	
238----------***
NC_003075.7.fa_76	4916029	4916284	4922218	4922458	-	256	241	6430	1.271e-24	ATTAT	ATTAT	TGT	CA	TGT	ACA	
239----------
NC_003075.7.fa_78	5003247	5004313	5011235	5012275	-	1067	1041	9029	2.2e-19	-	-	-	-	-	-	
NC_003076.8.fa_62	11998922	11999900	12004385	12005312	+	979	928	6391	1.975e-109	-	-	-	-	-	-	
240----------
NC_003075.7.fa_79	5016266	5017178	5022243	5023155	-	913	913	6890	5.5e-27	-	-	-	-	-	-	
241----------
NC_003075.7.fa_89	5868474	5868691	5885778	5885995	-	218	218	17522	1e-27	-	-	-	-	-	-	
242----------
NC_003075.7.fa_96	6588725	6589097	6593435	6593807	+	373	373	5083	1.952e-187	-	-	-	-	-	-	
243----------
NC_003075.7.fa_97	6723346	6723550	6728585	6728789	+	205	205	5444	7.568e-184	-	-	-	-	-	-	
244----------***
NC_003075.7.fa_98	6914661	6914876	6919382	6919597	-	216	216	4937	2.1e-167	CTCTC	CTCTC	TGT	CA	TGT	CA	
245----------
NC_003076.8.fa_100	13156899	13158010	13165390	13166514	+	1112	1125	9616	4.059e-48	AGGT	AGTT	TGT	ACA	TGT	CA	
246----------
NC_003076.8.fa_101	13170567	13171055	13180463	13180950	+	489	488	10384	5.814e-135	-	-	-	-	-	-	
247----------
NC_003076.8.fa_102	13253681	13253851	13258329	13258509	-	171	181	4829	2.7648e-186	-	-	-	-	-	-	
248----------
NC_003076.8.fa_104	13301148	13301461	13310445	13310757	+	314	313	9610	6.8e-38	-	-	-	-	-	-	
249----------
NC_003076.8.fa_106	13371833	13372713	13378772	13379654	-	881	883	7822	3.2224e-121	-	-	-	-	-	-	
250----------
NC_003076.8.fa_110	14055255	14056459	14062280	14063487	+	1205	1208	8233	1.7e-14	-	-	-	-	-	-	
251----------
NC_003076.8.fa_111	14113144	14113284	14118275	14118413	-	141	139	5270	2.04e-175	ACATA	AAATA	TGT	CA	TGT	CA	
252----------
NC_003076.8.fa_113	14690468	14690604	14701900	14702036	+	137	137	11569	1.776e-15	-	-	-	-	-	-	
253----------
NC_003076.8.fa_114	14822455	14822642	14825649	14825835	+	188	187	3381	6.1e-128	-	-	-	-	-	-	
254----------***
NC_003076.8.fa_115	15233370	15233821	15244815	15245267	-	452	453	11898	3.6363e-151	GTGAA	GTGAA	TGT	ACA	TGT	ACA	
255----------
NC_003076.8.fa_116	15350992	15352582	15361123	15362715	+	1591	1593	11724	1.28304e-179	-	-	-	-	-	-	
256----------***
NC_003076.8.fa_118	15646196	15646568	15650797	15651169	-	373	373	4974	1.104e-161	GAGAA	GAGAA	TGT	CA	TGT	CA	
257----------
NC_003076.8.fa_122	16994283	16995018	16998192	16998921	+	736	730	4639	4e-14	-	-	-	-	-	-	
258----------
NC_003076.8.fa_123	17090767	17090926	17095514	17095673	-	160	160	4907	2.9376e-208	-	-	-	-	-	-	
259----------***
NC_003076.8.fa_125	18233630	18233866	18237960	18238197	+	237	238	4568	6.9e-211	ATTGT	ATTGT	TG	ACA	TG	ACA	
260----------
NC_003076.8.fa_12	9902004	9902400	9909850	9910243	-	397	394	8240	8.1e-23	-	-	-	-	-	-	
261----------
NC_003076.8.fa_13	9949209	9949693	9953967	9954446	+	485	480	5238	1.672e-178	TCAA	TCGA	TG	CA	TG	ACA	
262----------
NC_003076.8.fa_17	10406682	10406951	10409930	10410197	+	270	268	3516	1.6e-20	-	-	-	-	-	-	
263----------
NC_003076.8.fa_21	10617775	10618299	10629191	10629694	-	525	504	11920	6.048e-103	TAAG	TAAT	TG	CA	TGT	ACA	
264----------
NC_003076.8.fa_24	10724935	10725317	10736259	10736654	-	383	396	11720	3.9e-27	-	-	-	-	-	-	
265----------
NC_003076.8.fa_30	11138802	11139517	11144563	11145278	-	716	716	6477	1.52628e-185	-	-	-	-	-	-	
266----------
NC_003076.8.fa_37	11337482	11338242	11355779	11356451	-	761	673	18970	1.7974e-264	-	-	-	-	-	-	
267----------
NC_003076.8.fa_40	11405984	11407328	11421478	11422842	-	1345	1365	16859	1.334e-42	-	-	-	-	-	-	
268----------
NC_003076.8.fa_45	11515558	11516308	11520345	11521093	-	751	749	5536	6.9e-16	-	-	-	-	-	-	
269----------
NC_003076.8.fa_48	11596051	11596321	11608729	11608999	+	271	271	12949	7.56e-187	-	-	-	-	-	-	
270----------
NC_003076.8.fa_4	4787630	4787964	4800515	4800849	+	335	335	13220	1.5e-25	-	-	-	-	-	-	
271----------
NC_003076.8.fa_50	11643421	11643559	11650629	11650767	-	139	139	7347	4.6e-24	-	-	-	-	-	-	
272----------
NC_003076.8.fa_6	6403052	6403267	6407842	6408057	-	216	216	5006	2.57922e-186	-	-	-	-	-	-	
273----------
NC_003076.8.fa_74	12315867	12316318	12321635	12322099	-	452	465	6233	4.2e-30	-	-	-	-	-	-	
274----------
NC_003076.8.fa_77	12422220	12422482	12427201	12427463	-	263	263	5244	3.045e-29	-	-	-	-	-	-	
275----------
NC_003076.8.fa_79	12470413	12470729	12476406	12476722	-	317	317	6310	2.3e-35	-	-	-	-	-	-	
276----------
NC_003076.8.fa_83	12616213	12616447	12621349	12621583	+	235	235	5371	1.5e-28	-	-	-	-	-	-	
277----------
NC_003076.8.fa_87	12744901	12745769	12751639	12752506	-	869	868	7606	1.4e-32	-	-	-	-	-	-	
278----------
NC_003076.8.fa_89	12789594	12789786	12794785	12794976	-	193	192	5383	1.6e-27	-	-	-	-	-	-	
279----------
NC_003076.8.fa_90	12832967	12833611	12849188	12849828	-	645	641	16862	6.3e-12	-	-	-	-	-	-	
280----------
NC_003076.8.fa_91	12897894	12898319	12900691	12901109	-	426	419	3216	3.5e-28	TCTA	TCTA	TG	CA	TG	CA	
281----------***
NC_003076.8.fa_92	12935398	12936566	12944903	12946018	-	1169	1116	10621	6.4e-29	GCTAT	GCTAT	TG	CA	TG	CA	
282----------
NC_003076.8.fa_94	13029893	13030865	13038672	13039644	+	973	973	9752	3.1e-23	-	-	-	-	-	-	
283----------
NC_003076.8.fa_97	13084903	13086705	13091791	13093500	+	1803	1710	8598	1.15072e-189	-	-	-	-	-	-	
284----------
NC_003076.8.fa_98	13117873	13118148	13128182	13128456	-	276	275	10584	5.04e-133	-	-	-	-	-	-	
