
1----------***
I.fa_1	226751	227480	238519	239251	-	730	733	12501	1.8e-12	CTGAT	CTGAT	TGT	ACA	TGT	ACA	
2----------
I.fa_2	3847370	3847580	3852241	3852451	+	211	211	5082	8.6e-81	-	-	-	-	-	-	
3----------
II.fa_1	2124744	2125039	2128858	2129153	+	296	296	4410	8.2e-23	-	-	-	-	-	-	
4----------
II.fa_2	10932597	10933242	10941800	10942443	-	646	644	9847	3.52869e-105	-	-	-	-	-	-	
5----------
II.fa_3	13244904	13245134	13259214	13259444	+	231	231	14541	4.8576e-73	-	-	-	-	-	-	
6----------***
III.fa_1	4042834	4043051	4047727	4047944	-	218	218	5111	1.11618e-86	CTAAA	CTAAA	TGT	ACA	TGT	ACA	
7----------
III.fa_2	8852595	8853086	8860968	8861459	+	492	492	8865	2.475e-95	-	-	-	-	-	-	
8----------***
III.fa_3	13229611	13230127	13242682	13243198	-	517	517	13588	1.044e-106	ACTTC	ACTTC	TGT	ACA	TGT	ACA	
V.fa_4	8825451	8825964	8844797	8845310	+	514	514	19860	2.7144e-90	-	-	-	-	-	-	
V.fa_5	8867545	8868058	8886892	8887405	+	514	514	19861	3.2508e-90	-	-	-	-	-	-	
9----------
IV.fa_1	912947	913370	921243	921666	+	424	424	8720	5.1794e-103	-	-	-	-	-	-	
V.fa_8	18118494	18118926	18122691	18123123	+	433	433	4630	1.76e-20	-	-	-	-	-	-	
10----------
IV.fa_2	16312108	16312638	16318132	16318660	+	531	529	6553	1.82e-16	-	-	-	-	-	-	
11----------***
V.fa_10	19270044	19270580	19281574	19282110	-	537	537	12067	3.8709e-92	GAAAC	GAAAC	TGT	ACA	TGT	ACA	
12----------
V.fa_11	19959041	19959364	19965697	19966020	+	324	324	6980	1.2e-13	-	-	-	-	-	-	
13----------
V.fa_12	20505404	20505810	20513672	20514078	+	407	407	8675	2.016e-23	-	-	-	-	-	-	
14----------***
V.fa_1	790852	791400	797900	798443	-	549	544	7592	2.752e-23	TTGTT	TTGTT	TGT	ACA	TGT	ACA	
15----------
V.fa_2	4300956	4301282	4310683	4311009	-	327	327	10054	6.4974e-74	-	-	-	-	-	-	
16----------
V.fa_3	8476191	8477247	8485479	8486516	-	1057	1038	10326	5.2e-88	-	-	-	-	-	-	
17----------
V.fa_6	16993685	16993988	17000916	17001219	-	304	304	7535	1.62e-86	-	-	-	-	-	-	
18----------
V.fa_7	17146407	17146847	17157639	17158090	-	441	452	11684	2.8386e-98	-	-	-	-	-	-	
19----------
V.fa_9	18435910	18436138	18455083	18455317	+	229	235	19408	8.008e-111	-	-	-	-	-	-	
20----------***
X.fa_1	1766126	1766368	1774377	1774619	-	243	243	8494	2.56608e-116	CCTTT	CCTTT	TGT	ACA	TGT	ACA	
21----------
X.fa_2	9191186	9191833	9202991	9203638	+	648	648	12453	2.736e-88	-	-	-	-	-	-	
22----------
X.fa_3	17644524	17644688	17649440	17649604	-	165	165	5081	2.256e-79	-	-	-	-	-	-	
