
1----------
3R.fa_21	4694586	4694999	4697959	4698372	+	414	414	3787	1.7e-18	-	-	-	-	-	-	
2L.fa_10	2558159	2558572	2563756	2564169	+	414	414	6011	2.25e-113	-	-	-	-	-	-	
X.fa_71	18485350	18485764	18488543	18488957	+	415	415	3608	1.7e-18	-	-	-	-	-	-	
X.fa_43	10265385	10265798	10271967	10272380	+	414	414	6996	1.45638e-113	-	-	-	-	-	-	
2L.fa_23	7969365	7969777	7975869	7976281	+	413	413	6917	1.17747e-113	-	-	-	-	-	-	
X.fa_58	13888306	13888719	13893492	13893905	-	414	414	5600	2.97e-101	-	-	-	-	-	-	
3R.fa_29	6167405	6167817	6173909	6174321	-	413	413	6917	1.17747e-113	-	-	-	-	-	-	
3R.fa_23	4732125	4732500	4739161	4739536	+	376	376	7412	6.7338e-109	-	-	-	-	-	-	
3R.fa_31	6891379	6891792	6896566	6896979	-	414	414	5601	2.97e-101	-	-	-	-	-	-	
3L.fa_33	11222063	11222559	11228446	11228958	-	497	513	6896	2.365e-100	TATA	TTTA	TG	CA	TG	CA	
3R.fa_60	22030916	22031329	22036383	22036796	-	414	414	5881	4.16e-101	-	-	-	-	-	-	
2L.fa_26	8586750	8587163	8593333	8593746	-	414	414	6997	3.248e-113	-	-	-	-	-	-	
3L.fa_8	1486682	1487193	1493710	1494221	+	512	512	7540	2.2932e-112	-	-	-	-	-	-	
3R.fa_6	828103	828614	834343	834854	-	512	512	6752	3.6192e-112	-	-	-	-	-	-	
X.fa_38	9537561	9537974	9544142	9544555	-	414	414	6995	1.14492e-113	-	-	-	-	-	-	
2R.fa_38	4787301	4787812	4794283	4794794	+	512	512	7494	2.5051e-112	-	-	-	-	-	-	
X.fa_77	19729429	19729842	19732579	19732991	+	414	413	3563	1.8e-18	-	-	-	-	-	-	
2L.fa_55	19125507	19125920	19132071	19132484	+	414	414	6978	1.16928e-113	-	-	-	-	-	-	
X.fa_33	6185722	6186144	6191014	6191431	-	423	418	5710	1.68e-101	TATAG	TATAT	TG	CA	TG	ACA	
3R.fa_27	6022748	6023165	6028264	6028685	+	418	422	5938	3.1262e-72	ATAG	ATTG	TG	CA	TG	CA	
X.fa_59	14035150	14035661	14040792	14041303	+	512	512	6154	1.71e-100	-	-	-	-	-	-	
3L.fa_32	10017695	10018206	10024705	10025216	-	512	512	7522	2.2932e-112	-	-	-	-	-	-	
X.fa_85	21553886	21554299	21559683	21560096	+	414	414	6211	3.7296e-114	-	-	-	-	-	-	
3L.fa_42	16565443	16565856	16570300	16570713	+	414	414	5271	2.116e-101	-	-	-	-	-	-	
2R.fa_21	1041083	1041594	1048070	1048581	-	512	512	7499	2.3688e-112	-	-	-	-	-	-	
X.fa_39	9835125	9835538	9840586	9840999	+	414	414	5875	5.168e-114	-	-	-	-	-	-	
X.fa_80	21207760	21208177	21224431	21224853	-	418	423	17094	2.377584e-157	TATT	TATT	TG	ACA	TG	ACA	
3R.fa_69	23690843	23691260	23697427	23697845	+	418	419	7003	1.1571e-113	TATAG	TATAT	TG	CA	TG	ACA	
3L.fa_24	7753295	7753708	7759876	7760289	-	414	414	6995	1.14492e-113	-	-	-	-	-	-	
3L.fa_70	22907194	22907607	22913697	22914110	+	414	414	6917	9.126e-114	-	-	-	-	-	-	
3R.fa_22	4724023	4724431	4731716	4732131	+	409	416	8109	1.17e-140	TATT	TAAT	TG	CA	TG	ACA	
2R.fa_54	10148758	10149171	10155336	10155749	+	414	414	6992	1.14492e-113	-	-	-	-	-	-	
X.fa_25	3898562	3898975	3905126	3905539	+	414	414	6978	1.16928e-113	-	-	-	-	-	-	
2L.fa_50	16131874	16132288	16138456	16138870	-	415	415	6997	1.14492e-113	-	-	-	-	-	-	
2R.fa_33	3167791	3168204	3173900	3174313	+	414	414	6523	6.56e-101	-	-	-	-	-	-	
2L.fa_37	12056255	12056668	12062836	12063249	+	414	414	6995	1.1571e-113	-	-	-	-	-	-	
3R.fa_30	6629967	6630478	6636930	6637441	+	512	512	7475	2.3124e-112	-	-	-	-	-	-	
4.fa_2	34267	34778	40216	40727	+	512	512	6461	1.0527e-104	TATA	TTTA	TG	CA	TG	ACA	
2L.fa_32	10869006	10869419	10875591	10876004	+	414	414	6999	1.45638e-113	-	-	-	-	-	-	
3L.fa_72	22989558	22990113	22996314	22996879	-	556	566	7322	1.131e-87	-	-	-	-	-	-	
2L.fa_11	2765221	2765634	2771330	2771743	+	414	414	6523	6.56e-101	-	-	-	-	-	-	
2L.fa_47	15564535	15564953	15571131	15571534	+	419	404	7000	1.14492e-113	AATT	ATTT	TG	ACA	TG	ACA	
X.fa_50	11367936	11368349	11374540	11374948	-	414	409	7013	1.82736e-106	TATT	TATC	TG	CA	TG	ACA	
3L.fa_2	383369	383782	389950	390363	-	414	414	6995	1.2285e-113	-	-	-	-	-	-	
X.fa_63	14765160	14765526	14772263	14772629	+	367	367	7470	1.6038e-108	-	-	-	-	-	-	
X.fa_5	569760	570164	574933	575342	+	405	410	5583	2.97e-101	TATAG	TACAG	TG	CA	TG	ACA	
3R.fa_5	713254	713620	720205	720571	+	367	367	7318	1.344e-96	-	-	-	-	-	-	
2R.fa_43	6012811	6013322	6019793	6020304	+	512	512	7494	4.7817e-105	-	-	-	-	-	-	
3L.fa_64	21290053	21290555	21296005	21296508	+	503	504	6456	7.056e-107	TATAG	TATAC	TG	CA	TG	ACA	
2R.fa_30	2323143	2323556	2329724	2330137	-	414	414	6995	9.1321e-112	-	-	-	-	-	-	
2----------***
2R.fa_9	356622	356897	361491	361766	+	276	276	5145	3.36e-137	GAGAG	GAGAG	TGT	ACA	TGT	ACA	
X.fa_56	13761464	13761739	13765717	13765992	+	276	276	4529	2.31e-137	TTGAC	TTGAC	TGT	ACA	TGT	ACA	
3L.fa_14	3581982	3582257	3586959	3587234	+	276	276	5253	7.2e-133	AATAG	AATAG	TGT	ACA	TGT	ACA	
2L.fa_15	3642411	3642686	3647280	3647555	+	276	276	5145	3.36e-137	ATCAC	ATCAC	TGT	ACA	TGT	ACA	
3L.fa_9	2088934	2089209	2093804	2094079	-	276	276	5146	3.36e-137	AGAAC	AGAAC	TGT	ACA	TGT	ACA	
3L.fa_39	14417379	14417654	14422251	14422526	+	276	276	5148	3.36e-137	TTCAG	TTCAG	TGT	ACA	TGT	ACA	
3R.fa_81	27228232	27228506	27233099	27233373	-	275	275	5142	1.113e-129	ATTAT	ATTAT	TGT	ACA	TGT	ACA	
X.fa_61	14549823	14550108	14554690	14554978	-	286	289	5156	3.36e-137	TGTT	TATT	TGT	CA	TGT	ACA	
2R.fa_66	15021198	15021473	15026065	15026340	-	276	276	5143	1.197e-128	GGTTC	GGTTC	TGT	ACA	TGT	ACA	
3L.fa_43	16632954	16633237	16637833	16638116	+	284	284	5163	2.1e-137	AATAT	AATAT	TGT	ACA	TGT	ACA	
3R.fa_80	27145578	27145853	27150446	27150721	+	276	276	5144	4.004e-130	GATGG	GATGG	TGT	ACA	TGT	ACA	
2L.fa_44	14782018	14782293	14786887	14787162	-	276	276	5145	3.36e-137	GTTTC	GTTTC	TGT	ACA	TGT	ACA	
3R.fa_48	15935331	15935606	15940203	15940478	-	276	276	5148	4.48e-137	AAAAC	AAAAC	TGT	ACA	TGT	ACA	
2R.fa_57	11603417	11603692	11608292	11608567	+	276	276	5151	6e-129	TATGT	TATGT	TGT	ACA	TGT	ACA	
2R.fa_59	12300288	12300563	12305158	12305433	+	276	276	5146	3.36e-125	ACGCC	ACGCC	TGT	ACA	TGT	ACA	
2L.fa_60	20133885	20134159	20142070	20142344	+	275	275	8460	5.85e-128	ACTGC	ACTGC	TGT	ACA	TGT	ACA	
2L.fa_24	8005899	8006174	8010769	8011044	+	276	276	5146	3.36e-137	ACTAT	ACTAT	TGT	ACA	TGT	ACA	
X.fa_26	4025130	4025405	4029999	4030274	-	276	276	5145	4.5e-129	GTATC	GTATC	TGT	ACA	TGT	ACA	
3L.fa_36	12915388	12915663	12919536	12919811	-	276	276	4424	3.91e-136	GTTAT	GTTAT	TGT	ACA	TGT	ACA	
2L.fa_35	11552562	11552837	11557432	11557707	-	276	276	5146	3.36e-137	GATCC	GATCC	TGT	ACA	TGT	ACA	
2L.fa_9	2286663	2286938	2291534	2291809	-	276	276	5147	7.13e-116	GTATC	GTATC	TGT	ACA	TGT	ACA	
2L.fa_12	3065655	3065930	3070524	3070799	+	276	276	5145	3.36e-137	TTATC	TTATC	TGT	ACA	TGT	ACA	
2L.fa_49	16119301	16119576	16124174	16124449	+	276	276	5149	6.02e-129	AAAAT	AAAAT	TGT	ACA	TGT	ACA	
X.fa_31	5667524	5667799	5672395	5672670	-	276	276	5147	3.36e-137	ATTCG	ATTCG	TGT	ACA	TGT	ACA	
3R.fa_35	8745948	8746222	8750818	8751092	-	275	275	5145	3.48e-137	TAAAC	TAAAC	TGT	ACA	TGT	ACA	
2L.fa_74	22034483	22034758	22039351	22039626	-	276	276	5144	3.36e-137	AACTC	AACTC	TGT	ACA	TGT	ACA	
2L.fa_53	17798060	17798334	17802930	17803204	-	275	275	5145	3.36e-137	ATAAC	ATAAC	TGT	ACA	TGT	ACA	
3----------***
3L.fa_52	19065976	19066417	19072924	19073365	-	442	442	7390	3.4357e-109	CAAC	CAAC	TGT	ACA	TGT	ACA	
2L.fa_13	3195362	3195804	3202291	3202733	-	443	443	7372	5.2452e-109	GCAT	GCAT	TGT	ACA	TGT	ACA	
3L.fa_12	2947406	2947848	2954330	2954772	+	443	443	7367	8.3904e-109	ATAT	ATAT	TGT	ACA	TGT	ACA	
2R.fa_42	5723978	5724419	5730941	5731382	+	442	442	7405	5.4684e-109	TCAC	TCAC	TGT	ACA	TGT	ACA	
3R.fa_70	23988812	23989253	23995743	23996184	+	442	442	7373	5.0995e-109	AAGG	AAGG	TGT	ACA	TGT	ACA	
X.fa_17	2601726	2602167	2608636	2609077	-	442	442	7352	3.4272e-109	CTAG	CTAG	TGT	ACA	TGT	ACA	
3L.fa_4	905859	906300	912786	913227	+	442	442	7369	5.3568e-109	CAAG	CAAG	TGT	ACA	TGT	ACA	
3R.fa_25	5663900	5664341	5670823	5671264	+	442	442	7365	6.2651e-109	TTAG	TTAG	TGT	ACA	TGT	ACA	
2L.fa_16	4594327	4594768	4601269	4601710	-	442	442	7384	5.2452e-109	GTGC	GTGC	TGT	ACA	TGT	ACA	
3R.fa_52	17577862	17578303	17584755	17585196	-	442	442	7335	5.0995e-109	GGAG	GGAG	TGT	ACA	TGT	ACA	
2R.fa_65	14978612	14979053	14985525	14985966	-	442	442	7355	6.6248e-109	ATAT	ATAT	TGT	ACA	TGT	ACA	
2R.fa_53	10079237	10079679	10086161	10086603	-	443	443	7367	2.856e-109	CTGC	CTGC	TGT	ACA	TGT	ACA	
2R.fa_79	19771506	19771947	19778517	19778958	+	442	442	7453	5.3568e-109	GAAC	GAAC	TGT	ACA	TGT	ACA	
4----------
3R.fa_78	26889373	26889776	26896510	26896913	-	404	404	7541	1.764e-103	-	-	-	-	-	-	
2L.fa_14	3244117	3244520	3251221	3251624	+	404	404	7508	1.7136e-103	-	-	-	-	-	-	
3L.fa_59	20395341	20395730	20402471	20402868	+	390	398	7528	2.079e-103	ACTTA	CCTTA	TGT	CA	TG	CA	
2R.fa_18	722428	722819	735557	735940	+	392	384	13513	1.1e-86	GTTA	TTTA	TGT	ACA	TG	ACA	
X.fa_42	10088761	10089164	10095865	10096268	+	404	404	7508	1.7136e-103	-	-	-	-	-	-	
X.fa_29	4836943	4837346	4844047	4844450	-	404	404	7508	1.7136e-103	-	-	-	-	-	-	
5----------
2R.fa_13	518926	519443	526017	526534	+	518	518	7609	2.178e-99	-	-	-	-	-	-	
2L.fa_17	4654448	4654965	4661453	4661970	-	518	518	7523	2.057e-99	-	-	-	-	-	-	
2R.fa_49	8792890	8793405	8799973	8800488	+	516	516	7599	2.178e-99	ACTT	ACTT	TGT	CA	TG	CA	
X.fa_19	2936960	2937476	2944049	2944565	+	517	517	7606	2.057e-99	-	-	-	-	-	-	
2L.fa_52	17122468	17122985	17129560	17130077	-	518	518	7610	7.128e-99	-	-	-	-	-	-	
2L.fa_31	10585305	10585822	10592392	10592909	-	518	518	7605	2.178e-99	-	-	-	-	-	-	
3L.fa_76	23129000	23129404	23136079	23136483	-	405	405	7484	2.057e-99	-	-	-	-	-	-	
X.fa_11	1687363	1687879	1694360	1694876	-	517	517	7514	2.64e-99	-	-	-	-	-	-	
2L.fa_45	14962536	14963053	14969542	14970059	+	518	518	7524	1.87e-99	-	-	-	-	-	-	
2L.fa_57	19635762	19636279	19642853	19643370	-	518	518	7609	2.057e-99	-	-	-	-	-	-	
3R.fa_45	13858569	13859086	13865667	13866184	+	518	518	7616	2.057e-99	-	-	-	-	-	-	
3R.fa_55	19667491	19668007	19674584	19675100	-	517	517	7610	3.872e-99	-	-	-	-	-	-	
2L.fa_8	2104734	2105251	2111821	2112338	-	518	518	7605	2.057e-99	-	-	-	-	-	-	
3L.fa_68	22721045	22721562	22728134	22728651	+	518	518	7607	3.927e-99	-	-	-	-	-	-	
X.fa_60	14282712	14283228	14289797	14290313	-	517	517	7602	2.057e-99	-	-	-	-	-	-	
2R.fa_28	2013122	2013639	2020127	2020644	+	518	518	7523	2.057e-99	-	-	-	-	-	-	
6----------***
3R.fa_76	26211360	26211787	26219140	26219567	+	428	428	8208	8.0262e-120	CAAAT	CAAAT	TGT	ACA	TGT	ACA	
2L.fa_43	14624780	14625207	14633457	14633884	-	428	428	9105	4.464e-120	GTTAT	GTTAT	TGT	ACA	TGT	ACA	
2L.fa_22	7335611	7336038	7342241	7342668	+	428	428	7058	2.262e-92	GCTGT	GCTGT	TGT	ACA	TGT	ACA	
3L.fa_41	15878130	15878557	15886791	15887218	-	428	428	9089	4.224e-120	ATAGG	ATAGG	TGT	ACA	TGT	ACA	
2R.fa_68	16781883	16782310	16790557	16790984	+	428	428	9102	4.224e-120	ACTAC	ACTAC	TGT	ACA	TGT	ACA	
3L.fa_54	19767097	19767524	19775799	19776226	-	428	428	9130	4.092e-120	CTTGC	CTTGC	TGT	ACA	TGT	ACA	
2R.fa_50	9158203	9158630	9173925	9174352	-	428	428	16150	8.211e-148	AGCAC	AGCAC	TGT	ACA	TGT	ACA	
3R.fa_62	22325643	22326070	22334218	22334645	+	428	428	9003	4.092e-120	ATAGT	ATAGT	TGT	ACA	TGT	ACA	
3L.fa_25	7876412	7876839	7885097	7885524	+	428	428	9113	3.1104e-120	TTGTA	TTGTA	TGT	ACA	TGT	ACA	
X.fa_62	14667928	14668355	14676699	14677126	+	428	428	9199	4.224e-120	GTCAT	GTCAT	TGT	ACA	TGT	ACA	
3L.fa_49	18477562	18477989	18486235	18486663	-	428	429	9102	4.092e-120	AATAG	AATAG	TGT	ACA	TGT	ACA	
2L.fa_70	21430203	21430630	21437461	21437888	+	428	428	7686	1.0164e-96	AGAGC	AGAGC	TGT	ACA	TGT	ACA	
3L.fa_48	17996641	17997068	18005212	18005639	+	428	428	8999	4.092e-120	AAATG	AAATG	TGT	ACA	TGT	ACA	
2L.fa_25	8444706	8445134	8453390	8453818	+	429	429	9113	4.092e-120	AGCGC	AGCGC	TGT	ACA	TGT	ACA	
2L.fa_18	5819977	5820404	5828499	5828926	-	428	428	8950	4.092e-120	GGTAC	GGTAC	TGT	ACA	TGT	ACA	
3R.fa_61	22191466	22191894	22200139	22200567	-	429	429	9102	4.092e-120	ACTAC	ACTAC	TGT	ACA	TGT	ACA	
3R.fa_64	22822546	22822973	22831195	22831622	+	428	428	9077	4.092e-120	TTCAT	TTCAT	TGT	ACA	TGT	ACA	
2R.fa_80	20185275	20185709	20202479	20202906	+	435	428	17632	5.16e-107	AACAT	AACAT	TGT	CA	TGT	ACA	
3R.fa_20	4427558	4427985	4436225	4436652	-	428	428	9095	4.092e-120	GCCGG	GCCGG	TGT	ACA	TGT	ACA	
X.fa_14	2156664	2157091	2164531	2164958	+	428	428	8295	3.4e-120	GTAGG	GTAGG	TGT	ACA	TGT	ACA	
X.fa_16	2580614	2581041	2588676	2589103	-	428	428	8490	3.4848e-120	GGGAC	GGGAC	TGT	ACA	TGT	ACA	
X.fa_6	585093	585520	592399	592826	+	428	428	7734	2.9682e-120	GGGGA	GGGGA	TGT	ACA	TGT	ACA	
2R.fa_46	7772283	7772710	7780163	7780590	+	428	428	8308	2.673e-120	AGACA	AGACA	TGT	ACA	TGT	ACA	
3L.fa_26	8440537	8440964	8449210	8449637	-	428	428	9101	4.092e-120	CTAGC	CTAGC	TGT	ACA	TGT	ACA	
2L.fa_42	13835291	13835718	13843954	13844382	-	428	429	9092	4.224e-120	CTAAC	CTAAC	TGT	ACA	TGT	ACA	
2R.fa_39	5237567	5237994	5246248	5246675	-	428	428	9109	1.848e-119	TGTAT	TGTAT	TGT	ACA	TGT	ACA	
2R.fa_44	6074598	6075025	6083286	6083713	-	428	428	9116	3.432e-119	GCTTG	GCTTG	TGT	ACA	TGT	ACA	
3R.fa_53	18056232	18056659	18064806	18065233	-	428	428	9002	4.433e-119	AGACC	AGACC	TGT	ACA	TGT	ACA	
2R.fa_51	9531074	9531501	9539740	9540167	+	428	428	9094	1.344e-119	GTAAG	GTAAG	TGT	ACA	TGT	ACA	
2R.fa_37	4540763	4541190	4550808	4551235	-	428	428	10473	2.6e-118	CTAAG	CTAAG	TGT	ACA	TGT	ACA	
3R.fa_49	15982484	15982911	15991168	15991595	-	428	428	9112	4.092e-120	TGCAC	TGCAC	TGT	ACA	TGT	ACA	
3L.fa_55	20032250	20032678	20041021	20041448	-	429	428	9199	4.608e-120	ATTGT	ATTGT	TGT	ACA	TGT	ACA	
3R.fa_73	25697162	25697589	25705833	25706260	+	428	428	9099	3.3948e-111	CCGAT	CCGAT	TGT	ACA	TGT	ACA	
3L.fa_37	13482779	13483206	13490089	13490516	+	428	428	7738	1.07236e-120	CTACC	CTACC	TGT	ACA	TGT	ACA	
X.fa_10	1493937	1494364	1502616	1503043	-	428	428	9107	2.6412e-120	AGCTG	AGCTG	TGT	ACA	TGT	ACA	
X.fa_65	16071741	16072168	16080413	16080840	-	428	428	9100	5.175e-96	CTACC	CTACC	TGT	ACA	TGT	ACA	
2R.fa_67	15432278	15432705	15440955	15441382	+	428	428	9105	4.092e-120	ATGAT	ATGAT	TGT	ACA	TGT	ACA	
3R.fa_46	15267299	15267726	15275969	15276396	+	428	428	9098	4.224e-120	CATTT	CATTT	TGT	ACA	TGT	ACA	
X.fa_79	20509195	20509622	20516312	20516739	+	428	428	7545	2.17152e-120	GGTT	GGTT	TGT	ACA	TGT	ACA	
3R.fa_58	21647832	21648259	21656528	21656955	+	428	428	9124	4.092e-120	AGGGC	AGGGC	TGT	ACA	TGT	ACA	
3R.fa_54	19651837	19652264	19660502	19660929	+	428	428	9093	4.224e-120	ACTA	ACTA	TGT	ACA	TGT	ACA	
3L.fa_44	16894662	16895090	16903328	16903756	+	429	429	9095	4.224e-120	ATGTC	ATGTC	TGT	ACA	TGT	ACA	
2L.fa_2	688638	689065	697192	697619	-	428	428	8982	4.092e-120	GCCCC	GCCCC	TGT	ACA	TGT	ACA	
3L.fa_20	6180498	6180925	6189164	6189591	+	428	428	9094	4.224e-120	AACGG	AACGG	TGT	ACA	TGT	ACA	
2L.fa_19	6419125	6419552	6436900	6437327	+	428	428	18203	5.28e-107	GTGAG	GTGAG	TGT	ACA	TGT	ACA	
3R.fa_82	27703982	27704409	27711316	27711743	-	428	428	7762	7.92e-120	CACAG	CACAG	TGT	ACA	TGT	ACA	
3L.fa_1	90896	91323	99577	100004	-	428	428	9109	4.224e-120	GTTTA	GTTTA	TGT	ACA	TGT	ACA	
X.fa_41	10007265	10007692	10015929	10016356	-	428	428	9092	4.224e-120	CTATT	CTATT	TGT	ACA	TGT	ACA	
X.fa_20	2976998	2977425	2985661	2986088	-	428	428	9091	6.336e-120	TTAAT	TTAAT	TGT	ACA	TGT	ACA	
3L.fa_6	1134813	1135241	1143477	1143905	+	429	429	9093	1.344e-119	ATAA	ATAA	TGT	ACA	TGT	ACA	
3R.fa_57	21540970	21541397	21549644	21550071	-	428	428	9102	4.092e-120	ACAGT	ACAGT	TGT	ACA	TGT	ACA	
X.fa_36	6865676	6866103	6874349	6874776	+	428	428	9101	4.224e-120	GTGTT	GTGTT	TGT	ACA	TGT	ACA	
3L.fa_45	17033939	17034367	17042601	17043029	+	429	429	9091	4.224e-120	CATAA	CATAA	TGT	ACA	TGT	ACA	
3L.fa_63	21223478	21223905	21232151	21232578	+	428	428	9101	4.608e-120	ACTAT	ACTAT	TGT	ACA	TGT	ACA	
3L.fa_29	9229382	9229809	9236651	9237078	-	428	428	7697	1.10126e-96	TGGAG	TGGAG	TGT	ACA	TGT	ACA	
3R.fa_74	26132468	26132896	26139573	26140001	+	429	429	7534	1.91808e-116	GGCGA	GGCGA	TGT	ACA	TGT	ACA	
X.fa_64	15953851	15954278	15961715	15962142	-	428	428	8292	2.016e-120	CCTTG	CCTTG	TGT	ACA	TGT	ACA	
3L.fa_23	6847101	6847529	6854107	6854534	+	429	428	7434	2.0586e-119	GCTAG	GCTAG	TGT	ACA	TGT	ACA	
2R.fa_69	16853130	16853557	16860884	16861311	+	428	428	8182	6.534e-120	GCCAG	GCCAG	TGT	ACA	TGT	ACA	
X.fa_44	10426365	10426792	10431016	10431443	-	428	428	5079	3.1e-56	AACAT	AACAT	TGT	ACA	TGT	ACA	
3R.fa_4	192523	192960	200422	200857	-	438	436	8335	2.574e-120	TAAG	TAAC	TGT	CA	TGT	ACA	
2R.fa_36	4413026	4413454	4421572	4422001	-	429	430	8976	2.79e-76	GTGCC	GTGCC	TGT	ACA	TGT	ACA	
3L.fa_51	18721342	18721769	18729537	18729964	-	428	428	8623	3.08e-120	GAAGG	GAAGG	TGT	ACA	TGT	ACA	
3L.fa_17	5012154	5012581	5020820	5021247	-	428	428	9094	3.3e-119	GATGG	GATGG	TGT	ACA	TGT	ACA	
3R.fa_37	10020223	10020650	10028887	10029314	+	428	428	9092	4.092e-120	ACAG	ACAG	TGT	ACA	TGT	ACA	
2R.fa_29	2270797	2271225	2278058	2278486	-	429	429	7690	1.10126e-96	GGTAT	GGTAT	TGT	ACA	TGT	ACA	
3L.fa_31	9887251	9887679	9895544	9895971	+	429	428	8721	3.19e-120	GCTAC	GCTAC	TGT	ACA	TGT	ACA	
2R.fa_77	19397051	19397479	19404927	19405354	+	429	428	8304	3.104e-120	CTTTA	CTTTA	TGT	ACA	TGT	ACA	
3R.fa_32	7205030	7205457	7213698	7214126	-	428	429	9097	4.224e-120	CCTAG	CCTAG	TGT	ACA	TGT	ACA	
3L.fa_34	11456643	11457070	11465316	11465743	-	428	428	9101	1.9716e-120	CATTT	CATTT	TGT	ACA	TGT	ACA	
2R.fa_63	13654642	13655070	13663307	13663735	+	429	429	9094	3.0624e-120	GTTAC	GTTAC	TGT	ACA	TGT	ACA	
2R.fa_60	13425877	13426304	13434540	13434968	-	428	429	9092	4.224e-120	GAAGA	GAAGA	TGT	ACA	TGT	ACA	
X.fa_72	18688082	18688509	18696259	18696686	-	428	428	8605	2.0636e-120	CATTT	CATTT	TGT	ACA	TGT	ACA	
X.fa_57	13835737	13836165	13844400	13844828	+	429	429	9092	4.576e-120	CCCAC	CCCAC	TGT	ACA	TGT	ACA	
2L.fa_28	8992565	8992992	8999589	9000016	-	428	428	7452	1.634e-108	CCCC	CCCC	TGT	ACA	TGT	ACA	
2L.fa_54	18030013	18030426	18038688	18039101	+	414	414	9089	4.224e-120	-	-	-	-	-	-	
X.fa_37	8687798	8688225	8694822	8695249	+	428	428	7452	1.653e-108	GCGTA	GCGTA	TGT	ACA	TGT	ACA	
X.fa_8	821247	821674	829555	829982	+	428	428	8736	2.738e-77	TTAC	TTAC	TGT	ACA	TGT	ACA	
2R.fa_47	7854063	7854490	7861940	7862367	-	428	428	8305	2.64e-120	TGGCC	TGGCC	TGT	ACA	TGT	ACA	
3L.fa_38	13762170	13762598	13771278	13771707	+	429	430	9538	1.092e-119	GCAAC	GCAAC	TGT	ACA	TGT	ACA	
3L.fa_10	2428188	2428615	2436858	2437285	+	428	428	9098	4.774e-120	GTATT	GTATT	TGT	ACA	TGT	ACA	
X.fa_22	3251583	3252010	3260256	3260683	-	428	428	9101	4.224e-120	ATTCC	ATTCC	TGT	ACA	TGT	ACA	
2L.fa_4	998444	998871	1007054	1007481	-	428	428	9038	1.3776e-119	CTGTT	CTGTT	TGT	ACA	TGT	ACA	
2L.fa_72	21814813	21815240	21823491	21823918	-	428	428	9106	4.092e-120	GGAAGC	GGAAGC	TGT	ACA	TGT	ACA	
2L.fa_58	19681674	19682101	19690324	19690751	-	428	428	9078	2.112e-119	ATTTC	ATTTC	TGT	ACA	TGT	ACA	
3R.fa_71	24573428	24573855	24578559	24578986	+	428	428	5559	1.536e-108	CTCAG	CTCAG	TGT	ACA	TGT	ACA	
2L.fa_3	978599	979026	985749	986176	+	428	428	7578	1.5484e-119	CTCTC	CTCTC	TGT	ACA	TGT	ACA	
2L.fa_33	10939407	10939834	10948136	10948563	+	428	428	9157	4.092e-120	GATGC	GATGC	TGT	ACA	TGT	ACA	
3R.fa_18	4228799	4229226	4237479	4237906	+	428	428	9108	4.092e-120	CCTTC	CCTTC	TGT	ACA	TGT	ACA	
7----------***
3R.fa_40	11426958	11427439	11433941	11434422	-	482	482	7465	1.3224e-122	CTAC	CTAC	TGT	ACA	TGT	ACA	
X.fa_4	308913	309395	315935	316417	+	483	483	7505	3.7152e-122	GTGT	GTGT	TGT	ACA	TGT	ACA	
2L.fa_6	1680696	1681094	1687705	1688103	+	399	399	7408	6.6834e-104	GTGG	GTGG	TGT	ACA	TGT	ACA	
2R.fa_73	18573196	18573676	18580234	18580714	-	481	481	7519	1.4774e-122	AGGG	AGGG	TGT	ACA	TGT	ACA	
3R.fa_41	11444525	11444925	11451541	11451941	+	401	401	7417	4.86e-104	ACAG	ACAG	TGT	ACA	TGT	ACA	
3R.fa_77	26494661	26495059	26501674	26502072	+	399	399	7412	9.5095e-104	GTAC	GTAC	TGT	ACA	TGT	ACA	
3L.fa_15	4309412	4309892	4316371	4316851	+	481	481	7440	1.3224e-122	ATTG	ATTG	TGT	ACA	TGT	ACA	
3L.fa_46	17465913	17466393	17472933	17473413	-	481	481	7501	1.22292e-122	GTGG	GTGG	TGT	ACA	TGT	ACA	
3R.fa_83	27813134	27813534	27820146	27820546	+	401	401	7413	4.968e-104	CTAC	CTAC	TGT	ACA	TGT	ACA	
2R.fa_78	19691211	19691691	19698230	19698710	-	481	481	7500	1.26846e-122	CTAG	CTAG	TGT	ACA	TGT	ACA	
3L.fa_5	1028035	1028641	1035183	1035789	-	607	607	7755	1.5088e-122	CCTT	CCTT	TGT	ACA	TGT	ACA	
2R.fa_76	19220858	19221338	19227804	19228285	-	481	482	7428	1.16424e-122	ATAG	ATAG	TGT	ACA	TGT	ACA	
3R.fa_65	22955656	22956169	22962695	22963208	+	514	514	7553	1.3224e-122	GGGC	GGGC	TGT	ACA	TGT	ACA	
3L.fa_67	22534522	22534922	22541516	22541916	-	401	401	7395	5.0508e-104	GGTT	GGTT	TGT	ACA	TGT	ACA	
X.fa_24	3727533	3728046	3734595	3735108	-	514	514	7576	2.4402e-122	TGAA	TGAA	TGT	ACA	TGT	ACA	
2L.fa_36	11702432	11702830	11709444	11709842	+	399	399	7411	5.1606e-104	GCAG	GCAG	TGT	ACA	TGT	ACA	
X.fa_30	5264789	5265212	5268591	5269032	+	424	442	4244	3.6e-24	TCTT	ACTT	TGT	CA	TGT	CA	
2L.fa_40	12922774	12923172	12929785	12930183	-	399	399	7410	5.1606e-104	GTAC	GTAC	TGT	ACA	TGT	ACA	
2L.fa_56	19325623	19326023	19332639	19333039	+	401	401	7417	1.5228e-103	CCTG	CCTG	TGT	ACA	TGT	ACA	
3L.fa_62	21161075	21161556	21168099	21168580	+	482	482	7506	1.27452e-122	GAAC	GAAC	TGT	ACA	TGT	ACA	
X.fa_73	18867566	18868046	18873947	18874427	+	481	481	6862	8.1008e-123	AAAC	AAAC	TGT	ACA	TGT	ACA	
3L.fa_35	11522367	11522881	11529420	11529934	+	515	515	7568	1.4774e-122	GATG	GATG	TGT	ACA	TGT	ACA	
2R.fa_74	18957921	18958434	18964974	18965487	-	514	514	7567	1.3376e-122	ATAT	ATAT	TGT	ACA	TGT	ACA	
3L.fa_7	1200268	1200844	1207384	1207960	+	577	577	7693	1.29086e-122	ATTGT	ATTAT	TG	ACA	TGT	CA	
2L.fa_1	347939	348353	354967	355381	-	415	415	7443	5.1606e-104	GAAT	GAAT	TGT	ACA	TGT	ACA	
2L.fa_66	20546015	20546413	20553027	20553425	+	399	399	7411	5.2452e-104	GTAC	GTAC	TGT	ACA	TGT	ACA	
2R.fa_75	19190690	19191172	19197728	19198210	-	483	483	7521	9.2664e-115	CGAT	CGAT	TGT	ACA	TGT	ACA	
2L.fa_69	21317348	21317746	21324364	21324762	+	399	399	7415	1.5228e-103	AGCA	AGCA	TGT	ACA	TGT	ACA	
3L.fa_30	9491336	9491816	9498358	9498838	+	481	481	7503	1.4608e-122	GCCC	GCCC	TGT	ACA	TGT	ACA	
3L.fa_28	9035691	9036204	9042680	9043193	+	514	514	7503	1.4256e-122	GTTG	GTTG	TGT	ACA	TGT	ACA	
3R.fa_43	13335012	13335493	13342021	13342502	+	482	482	7491	1.1781e-122	ACAG	ACAG	TGT	ACA	TGT	ACA	
3L.fa_53	19738886	19739361	19745911	19746386	-	476	476	7501	1.3072e-122	TGAC	TTAC	TGT	CA	TGT	CA	
2R.fa_61	13551595	13551995	13558607	13559007	+	401	401	7413	5.1606e-104	CGGT	CGGT	TGT	ACA	TGT	ACA	
2L.fa_46	15424190	15424588	15431202	15431600	+	399	399	7411	3.843e-103	AGGG	AGGG	TGT	ACA	TGT	ACA	
2L.fa_64	20272956	20273354	20279969	20280367	-	399	399	7412	5.7528e-96	ATAT	ATAT	TGT	ACA	TGT	ACA	
3L.fa_27	8457061	8457459	8464072	8464470	-	399	399	7410	1.5228e-103	ACAT	ACAT	TGT	ACA	TGT	ACA	
2L.fa_5	1221849	1222247	1228859	1229257	+	399	399	7409	5.1606e-104	CCAG	CCAG	TGT	ACA	TGT	ACA	
3R.fa_44	13401122	13401520	13408132	13408530	+	399	399	7409	5.1606e-104	ATAC	ATAC	TGT	ACA	TGT	ACA	
3R.fa_39	10928292	10928772	10935009	10935489	-	481	481	7198	5.6232e-123	TTAA	TTAA	TGT	ACA	TGT	ACA	
2R.fa_64	14779629	14780027	14786642	14787040	+	399	399	7412	5.1606e-104	GTGG	GTGG	TGT	ACA	TGT	ACA	
X.fa_1	53346	53854	60404	60921	-	509	518	7576	1.512e-122	GTATA	TTATA	TG	CA	TGT	CA	
3R.fa_75	26190681	26191194	26197735	26198248	+	514	514	7568	1.36971e-122	ATAG	ATAG	TGT	ACA	TGT	ACA	
2L.fa_30	10148785	10149185	10155797	10156197	-	401	401	7413	5.1606e-104	AAGG	AAGG	TGT	ACA	TGT	ACA	
X.fa_40	9878172	9878649	9885137	9885609	+	478	473	7438	1.1475e-122	TGAT	TCAT	TG	CA	TGT	CA	
3L.fa_66	22473102	22473500	22480116	22480514	+	399	399	7413	5.0508e-104	CTGC	CTGC	TGT	ACA	TGT	ACA	
X.fa_7	790843	791359	797902	798418	+	517	517	7576	1.4774e-122	TGAG	TGAG	TGT	ACA	TGT	ACA	
8----------***
2R.fa_58	12240134	12240378	12246021	12246265	-	245	245	6132	2.233e-123	CAAAG	CAAAG	TGT	CA	TGT	CA	
X.fa_55	13731776	13732020	13737517	13737761	+	245	245	5986	1.8144e-110	TAGTG	TAGTG	TGT	CA	TGT	CA	
3R.fa_10	1572789	1573033	1578677	1578921	+	245	245	6133	2.204e-123	CGAGG	CGAGG	TGT	CA	TGT	CA	
3R.fa_42	12582114	12582358	12588002	12588246	-	245	245	6133	2.233e-123	GACTG	GACTG	TGT	CA	TGT	CA	
2L.fa_20	6869047	6869291	6874950	6875194	+	245	245	6148	1.31544e-121	GCTGG	GCTGG	TGT	CA	TGT	CA	
2R.fa_70	17624027	17624225	17629915	17630113	+	199	199	6087	5.925e-123	ATTA	ATGA	TG	ACA	TG	ACA	
3R.fa_79	27094518	27094762	27100406	27100650	+	245	245	6133	2.233e-123	AGTGT	AGTGT	TGT	CA	TGT	CA	
3L.fa_16	4879123	4879367	4885010	4885254	+	245	245	6132	2.233e-123	AAGGG	AAGGG	TGT	CA	TGT	CA	
2R.fa_34	3838713	3838957	3844601	3844845	-	245	245	6133	2.204e-123	GTGTG	GTGTG	TGT	CA	TGT	CA	
9----------
3R.fa_13	2000949	2001280	2007832	2008163	+	332	332	7215	5.6e-96	-	-	-	-	-	-	
X.fa_45	10837991	10838256	10844770	10845035	+	266	266	7045	1.232e-97	-	-	-	-	-	-	
X.fa_53	12661292	12661557	12668083	12668348	-	266	266	7057	1.232e-97	-	-	-	-	-	-	
3R.fa_7	871614	871895	878403	878676	+	282	274	7063	1.232e-97	TTTA	TTTT	TGT	ACA	TG	CA	
X.fa_86	21614881	21615212	21621950	21622281	+	332	332	7401	6.45e-96	-	-	-	-	-	-	
3R.fa_19	4396266	4396534	4400579	4400847	-	269	269	4582	3.5e-28	-	-	-	-	-	-	
X.fa_15	2367236	2367454	2374035	2374253	-	219	219	7018	1.26e-97	CAAT	AAAT	TG	CA	TG	CA	
2L.fa_38	12547239	12547505	12554037	12554323	-	267	287	7085	1.26e-97	AAAA	AACA	TGT	ACA	TG	ACA	
2L.fa_51	16490101	16490366	16496892	16497157	+	266	266	7057	1.232e-97	-	-	-	-	-	-	
2L.fa_21	6983717	6983982	6990513	6990778	-	266	266	7062	1.246e-97	-	-	-	-	-	-	
2L.fa_29	9966189	9966457	9972985	9973253	+	269	269	7065	1.232e-97	-	-	-	-	-	-	
10----------
4.fa_5	691395	691814	699504	699923	-	420	420	8529	1.7578e-110	-	-	-	-	-	-	
2R.fa_56	10404470	10404893	10412579	10413002	+	424	424	8533	1.7061e-110	-	-	-	-	-	-	
3L.fa_60	20932231	20932667	20940240	20940681	+	437	442	8451	1.6698e-110	TGTT	AGTT	TGT	CA	TG	CA	
3L.fa_3	838677	839099	846684	847106	-	423	423	8430	1.8216e-110	-	-	-	-	-	-	
3R.fa_12	1984277	1984688	1992382	1992799	+	412	418	8523	6.745e-110	AGGA	CGGA	TG	CA	TG	CA	
2R.fa_55	10183096	10183513	10191103	10191520	+	418	418	8425	1.6698e-110	-	-	-	-	-	-	
2L.fa_67	20710044	20710461	20717444	20717861	-	418	418	7818	3.96e-101	-	-	-	-	-	-	
3R.fa_59	21923966	21924388	21932075	21932497	+	423	423	8532	1.7061e-110	-	-	-	-	-	-	
3R.fa_66	23157926	23158362	23166035	23166468	-	437	434	8543	2.1432e-110	AAATA	AGATA	TGT	CA	TG	ACA	
3L.fa_13	3041959	3042372	3050064	3050481	+	414	418	8523	1.7061e-110	CGGT	CGGA	TG	CA	TG	CA	
3R.fa_11	1841746	1842163	1849754	1850170	-	418	417	8425	4.692e-110	TGGA	CGGA	TG	CA	TG	CA	
2L.fa_27	8715394	8715817	8723297	8723720	-	424	424	8327	1.7325e-110	-	-	-	-	-	-	
X.fa_13	2065615	2066036	2073724	2074145	-	422	422	8531	1.7578e-110	-	-	-	-	-	-	
2L.fa_68	21010932	21011336	21018738	21019142	+	405	405	8211	1.3671e-110	-	-	-	-	-	-	
3L.fa_11	2908517	2908939	2916320	2916742	-	423	423	8226	1.6456e-110	-	-	-	-	-	-	
X.fa_67	16844762	16845179	16849915	16850332	-	418	418	5571	1.998e-87	-	-	-	-	-	-	
X.fa_34	6303242	6303665	6311250	6311673	-	424	424	8432	1.8216e-110	-	-	-	-	-	-	
3R.fa_51	16967467	16967885	16975474	16975892	-	419	419	8426	1.8216e-110	-	-	-	-	-	-	
2R.fa_40	5646245	5646662	5654354	5654771	-	418	418	8527	1.7578e-110	-	-	-	-	-	-	
11----------***
2L.fa_34	11529508	11530013	11536347	11536852	-	506	506	7345	4.65e-109	AAGC	AAGC	TGT	ACA	TGT	ACA	
X.fa_35	6764031	6764535	6770858	6771363	+	505	506	7333	1.235e-108	CCTG	CCTG	TGT	ACA	TGT	ACA	
12----------
3L.fa_69	22729547	22730201	22736261	22736915	+	655	655	7369	4.8944e-110	-	-	-	-	-	-	
2L.fa_48	15696863	15697521	15704995	15705653	+	659	659	8791	9.6e-74	-	-	-	-	-	-	
3L.fa_18	5258514	5259172	5265234	5265892	-	659	659	7379	1.20612e-109	-	-	-	-	-	-	
3R.fa_2	84357	84985	91072	91700	+	629	629	7344	4.8944e-110	CATA	AATA	TGT	ACA	TGT	ACA	
X.fa_32	5912013	5912671	5918730	5919388	-	659	659	7376	4.455e-110	-	-	-	-	-	-	
2L.fa_39	12770727	12771385	12777455	12778113	-	659	659	7387	5.265e-110	-	-	-	-	-	-	
13----------
X.fa_18	2834126	2834455	2839045	2839374	+	330	330	5249	1.89567e-106	-	-	-	-	-	-	
2L.fa_41	13504452	13504787	13509368	13509706	-	336	339	5255	1.131e-113	GTCA	CTCA	TGT	CA	TGT	CA	
X.fa_70	18160507	18160837	18165430	18165760	+	331	331	5254	5.497443e-113	-	-	-	-	-	-	
14----------***
2R.fa_27	1640729	1641004	1645482	1645757	+	276	276	5029	1.1286e-109	TGTA	TGTA	TGT	ACA	TGT	ACA	
3R.fa_26	5671307	5671582	5676060	5676335	-	276	276	5029	1.2096e-109	TATA	TATA	TGT	ACA	TGT	ACA	
3L.fa_61	21069194	21069468	21073946	21074220	+	275	275	5027	1.368e-109	TATA	TATA	TGT	ACA	TGT	ACA	
2R.fa_72	18446231	18446501	18450979	18451249	+	271	271	5019	1.1286e-109	TGTA	TGTA	TGT	ACA	TGT	ACA	
X.fa_52	12112585	12112859	12116155	12116429	-	275	275	3845	3.102e-83	TGTA	TGTA	TGT	ACA	TGT	ACA	
X.fa_68	16926217	16926492	16930970	16931245	-	276	276	5029	1.1286e-109	TAAA	TAAA	TGT	ACA	TGT	ACA	
3R.fa_56	20023647	20023917	20028395	20028665	+	271	271	5019	1.1286e-109	TACA	TACA	TGT	ACA	TGT	ACA	
X.fa_2	75963	76238	80716	80991	+	276	276	5029	1.1286e-109	TACA	TACA	TGT	ACA	TGT	ACA	
X.fa_46	10926244	10926514	10930992	10931262	-	271	271	5019	1.0944e-109	TATA	TATA	TGT	ACA	TGT	ACA	
X.fa_69	17523964	17524239	17526929	17527204	+	276	276	3241	5.3e-14	TGTA	TGTA	TGT	ACA	TGT	ACA	
2R.fa_32	2923216	2923491	2927969	2928244	+	276	276	5029	1.1286e-109	TATA	TATA	TGT	ACA	TGT	ACA	
2L.fa_65	20377606	20377881	20382359	20382634	+	276	276	5029	1.1286e-109	TATA	TATA	TGT	ACA	TGT	ACA	
2R.fa_45	6362401	6362676	6366389	6366664	-	276	276	4264	7.14e-90	TTTA	TTTA	TGT	ACA	TGT	ACA	
2L.fa_59	19984003	19984273	19988751	19989021	+	271	271	5019	1.1286e-109	TCTA	TCTA	TGT	ACA	TGT	ACA	
2R.fa_20	1008201	1008471	1012949	1013219	+	271	271	5019	1.1286e-109	TAAA	TAAA	TGT	ACA	TGT	ACA	
2R.fa_71	18002402	18002677	18007155	18007430	+	276	276	5029	2.772e-110	TATA	TATA	TGT	ACA	TGT	ACA	
15----------
2L.fa_61	20143834	20144001	20154700	20154858	+	168	159	11025	8.5e-16	-	-	-	-	-	-	
16----------
X.fa_9	1384800	1385294	1391716	1392210	-	495	495	7411	5.2416e-104	-	-	-	-	-	-	
2L.fa_62	20154859	20155353	20168691	20169185	-	495	495	14327	1.9516e-102	-	-	-	-	-	-	
17----------
2L.fa_63	20241907	20242173	20252294	20252560	+	267	267	10654	6.12e-127	-	-	-	-	-	-	
18----------
2R.fa_31	2876627	2876902	2882763	2883038	+	276	276	6412	4.2588e-108	-	-	-	-	-	-	
3R.fa_50	16092309	16092584	16098447	16098722	+	276	276	6414	3.978e-108	-	-	-	-	-	-	
3R.fa_3	96510	96785	102647	102922	-	276	276	6413	4.0222e-108	-	-	-	-	-	-	
3R.fa_9	1271734	1272009	1277861	1278136	+	276	276	6403	2.874816e-108	-	-	-	-	-	-	
2R.fa_35	4212103	4212378	4218240	4218515	+	276	276	6413	4.2588e-108	-	-	-	-	-	-	
X.fa_49	11277034	11277309	11283171	11283446	-	276	276	6413	4.0222e-108	-	-	-	-	-	-	
2L.fa_71	21525002	21525277	21531139	21531414	-	276	276	6413	4.0222e-108	-	-	-	-	-	-	
19----------
4.fa_6	1175341	1175620	1183515	1183783	-	280	269	8443	3.8e-17	-	-	-	-	-	-	
2L.fa_73	22006828	22007041	22024259	22024468	+	214	210	17641	1.8e-13	-	-	-	-	-	-	
20----------***
2L.fa_75	22062542	22062705	22067218	22067381	-	164	164	4840	1.00233e-88	ATTG	ATTG	TGT	ACA	TGT	ACA	
21----------***
2L.fa_76	22102770	22103110	22105549	22105882	-	341	334	3113	2.6e-41	TGTAC	TGTAC	TGT	ACA	TGT	ACA	
22----------
2L.fa_77	22116555	22116841	22122920	22123206	-	287	287	6652	6.12e-105	-	-	-	-	-	-	
23----------***
2L.fa_78	22148783	22148987	22151063	22151267	-	205	205	2485	2e-89	GGTCC	GGTCC	TGT	ACA	TGT	CA	
24----------***
2L.fa_79	22162399	22162670	22167180	22167443	-	272	264	5045	6.4386e-62	GTCT	GTCT	TGT	ACA	TGT	ACA	
2R.fa_10	366652	366913	371461	371726	-	262	266	5075	2.695e-94	CTTG	CTTG	TGT	ACA	TG	ACA	
3L.fa_80	23240640	23240905	23245430	23245695	-	266	266	5056	6.24e-97	AATG	AATG	TGT	ACA	TGT	ACA	
X.fa_83	21341770	21342050	21345821	21346107	-	281	287	4338	2.349e-98	TAGA	AAGA	TGT	CA	TGT	CA	
25----------
3R.fa_36	8968828	8969095	8974081	8974348	-	268	268	5521	1.7493e-108	-	-	-	-	-	-	
2L.fa_7	1802928	1803203	1808184	1808456	-	276	273	5529	1.7136e-108	GTAG	CTAG	TGT	CA	TGT	CA	
X.fa_54	13194356	13194626	13199609	13199879	+	271	271	5524	1.7136e-108	-	-	-	-	-	-	
3R.fa_1	31846	32113	37098	37365	+	268	268	5520	1.7136e-108	-	-	-	-	-	-	
3L.fa_56	20131197	20131464	20136450	20136717	-	268	268	5521	1.7493e-108	-	-	-	-	-	-	
3R.fa_8	893754	894021	898947	899214	-	268	268	5461	1.7136e-108	-	-	-	-	-	-	
X.fa_66	16223720	16223987	16228973	16229240	-	268	268	5521	1.7493e-108	-	-	-	-	-	-	
3R.fa_28	6057576	6057842	6062829	6063095	-	267	267	5520	1.7493e-108	-	-	-	-	-	-	
26----------
2L.fa_80	22214445	22214729	22216949	22217233	-	285	285	2789	4e-11	-	-	-	-	-	-	
27----------
2R.fa_11	425128	425318	429326	429516	-	191	191	4389	3.432e-94	TATG	TAAG	TG	ACA	TG	ACA	
28----------
2R.fa_12	453379	453630	471238	471489	-	252	252	18111	5.4e-16	-	-	-	-	-	-	
29----------
2R.fa_14	595266	595430	612844	613006	-	165	163	17741	3.3e-17	AAAA	AATA	TGT	ACA	TGT	CA	
30----------***
2R.fa_15	682115	682536	685721	686141	+	422	421	4027	2.56e-33	TATT	TATT	TGT	ACA	TGT	ACA	
3R.fa_34	8314802	8315304	8323363	8323865	-	503	503	9064	3.77e-103	-	-	-	-	-	-	
31----------
2R.fa_16	706663	707555	709215	710081	+	893	867	3419	1.1e-18	-	-	-	-	-	-	
2R.fa_17	709215	710081	712083	712975	+	867	893	3761	1.8e-18	-	-	-	-	-	-	
32----------
33----------***
3R.fa_15	3520372	3520657	3539086	3539371	+	286	286	19000	1.05875e-205	ATTG	ATTG	TGT	ACA	TGT	ACA	
X.fa_84	21349947	21350243	21355030	21355327	-	297	298	5381	4.794e-83	AATG	AATG	TGT	ACA	TGT	ACA	
2R.fa_19	760991	761289	766166	766464	-	299	299	5474	4.402e-101	ATTT	ATTT	TGT	ACA	TGT	ACA	
2R.fa_26	1531727	1532024	1536892	1537189	+	298	298	5463	4.9e-101	CTTA	CTTA	TGT	ACA	TGT	ACA	
34----------
2R.fa_1	10578	10891	15230	15523	+	314	294	4946	2.9e-12	AGAG	AGCG	TG	CA	TG	ACA	
35----------
2R.fa_22	1408072	1408317	1426225	1426444	+	246	220	18373	2.496e-171	CGAA	CAAA	TG	CA	TG	CA	
36----------***
3R.fa_63	22373469	22373875	22380317	22380723	+	407	407	7255	3.15e-112	CGGT	CGGT	TGT	ACA	TGT	ACA	
X.fa_75	19528362	19528768	19535211	19535617	-	407	407	7256	2.772e-112	ACAC	ACAC	TGT	ACA	TGT	ACA	
3R.fa_72	24579030	24579459	24585986	24586415	-	430	430	7386	5.9892e-112	GTAT	GTAT	TGT	ACA	TGT	ACA	
4.fa_4	339782	340214	347468	347900	+	433	433	8119	1.105e-111	ATAT	ATAT	TGT	ACA	TGT	ACA	
X.fa_48	11054050	11054480	11060915	11061345	-	431	431	7296	4.615e-112	AGTG	AGTG	TGT	ACA	TGT	ACA	
3R.fa_24	5130321	5130727	5137144	5137550	+	407	407	7230	3e-112	CCTT	CCTT	TGT	ACA	TGT	ACA	
X.fa_82	21311928	21312352	21327018	21327442	-	425	425	15515	2.9988e-228	ACAT	ACAT	TGT	ACA	TGT	ACA	
X.fa_27	4568635	4569065	4575518	4575948	-	431	431	7314	5.8e-112	GTAT	GTAT	TGT	ACA	TGT	ACA	
3L.fa_40	14774060	14774492	14781296	14781728	+	433	433	7669	7.6752e-112	AAGC	AAGC	TGT	ACA	TGT	ACA	
2R.fa_23	1468779	1469208	1475725	1476154	-	430	430	7376	5.39e-91	CCAC	CCAC	TGT	ACA	TGT	ACA	
X.fa_12	1711712	1712135	1719171	1719594	-	424	424	7883	1.0374e-111	GGTG	GGTG	TGT	ACA	TGT	ACA	
3L.fa_50	18659692	18660116	18667162	18667586	-	425	425	7895	9.4752e-112	GCAT	GCAT	TGT	ACA	TGT	ACA	
3R.fa_16	3555257	3555680	3562714	3563137	+	424	424	7881	9.8784e-112	AAAT	AAAT	TGT	ACA	TGT	ACA	
37----------***
2R.fa_24	1483680	1484072	1488172	1488538	+	393	367	4859	6e-70	TATA	TATA	TGT	ACA	TGT	ACA	
38----------***
4.fa_1	4885	5175	12953	13243	+	291	291	8359	3.6261e-123	CTGTT	CTGTT	TGT	ACA	TGT	ACA	
2R.fa_25	1500140	1500430	1507705	1507995	+	291	291	7856	2.4336e-125	TGTAT	TGTAT	TGT	ACA	TGT	ACA	
39----------
2R.fa_2	28615	28832	33817	34067	-	218	251	5453	5.28e-58	-	-	-	-	-	-	
40----------
2R.fa_3	52118	52280	66871	67032	-	163	162	14915	1.001e-95	GCTG	GCTT	TG	ACA	TG	ACA	
41----------
2R.fa_41	5686425	5687829	5697884	5699288	+	1405	1405	12864	3.38793e-108	-	-	-	-	-	-	
42----------
2R.fa_48	7927042	7927529	7931780	7932267	+	488	488	5226	1.368e-95	-	-	-	-	-	-	
43----------
2R.fa_4	73161	73412	76459	76733	-	252	275	3573	2.4e-71	-	-	-	-	-	-	
44----------***
2R.fa_52	9952989	9953309	9961218	9961538	-	321	321	8550	9.8256e-146	TGAGG	TGAGG	TGT	CA	TGT	CA	
3L.fa_19	5417423	5417743	5425646	5425966	+	321	321	8544	9.7188e-145	GCGGT	GCGGT	TGT	CA	TGT	CA	
45----------
2R.fa_5	99239	99483	107876	108119	-	245	244	8881	5.3e-25	GTTAC	GCTAC	TGT	CA	TGT	ACA	
46----------***
2R.fa_62	13639572	13639932	13645341	13645701	+	361	361	6130	7.872e-150	ATCAC	ATCAC	TGT	ACA	TGT	ACA	
X.fa_21	3173510	3173870	3179276	3179636	-	361	361	6127	7.872e-150	ACTAC	ACTAC	TGT	ACA	TGT	ACA	
3L.fa_65	22017008	22017368	22022775	22023135	+	361	361	6128	7.872e-150	GTGTT	GTGTT	TGT	ACA	TGT	ACA	
X.fa_3	185911	186271	191677	192037	+	361	361	6127	7.0863e-150	GCAAT	GCAAT	TGT	ACA	TGT	ACA	
47----------
2R.fa_6	188085	188566	195070	195551	-	482	482	7467	7.452e-109	-	-	-	-	-	-	
48----------
49----------
2R.fa_7	239178	239436	245109	245367	+	259	259	6190	1.82e-93	-	-	-	-	-	-	
50----------
2R.fa_8	301099	301322	308530	308749	-	224	220	7651	1.536e-97	-	-	-	-	-	-	
51----------
3L.fa_21	6365720	6367497	6374392	6376179	+	1778	1788	10460	7.84e-120	-	-	-	-	-	-	
3L.fa_22	6374392	6376179	6383048	6384804	+	1788	1757	10413	1.6128e-119	-	-	-	-	-	-	
52----------
3L.fa_47	17679844	17680226	17686674	17687056	+	383	383	7213	3.2759e-109	-	-	-	-	-	-	
53----------
3L.fa_57	20246517	20246881	20252963	20253327	-	365	365	6811	6.0475e-103	-	-	-	-	-	-	
54----------
X.fa_74	19168284	19168860	19175169	19175745	-	577	577	7462	2.464e-108	-	-	-	-	-	-	
3R.fa_38	10062730	10063304	10069596	10070170	-	575	575	7441	3.0456e-109	-	-	-	-	-	-	
3L.fa_58	20253370	20253955	20259627	20260221	-	586	595	6852	7.11e-81	-	-	-	-	-	-	
55----------
56----------
3L.fa_71	22959552	22959912	22965870	22966241	+	361	372	6690	2.02752e-112	ATGT	ATTT	TGT	CA	TG	CA	
3L.fa_73	23068158	23068555	23072235	23072635	-	398	401	4478	1.98e-49	GTTT	GTAT	TG	CA	TG	CA	
57----------***
3L.fa_74	23093858	23094241	23097127	23097434	-	384	308	3577	2.4e-14	TAAA	TATA	TGT	ACA	TGT	ACA	
58----------
3L.fa_75	23102199	23103422	23107073	23108296	-	1224	1224	6098	9.96e-32	TCCT	TCAT	TGT	CA	TGT	CA	
59----------
60----------***
3L.fa_77	23137225	23137465	23154010	23154235	-	241	226	17011	1.978e-79	TTTTG	TTTGG	TGT	ACA	TGT	ACA	
61----------
3L.fa_78	23185789	23185949	23196682	23196851	-	161	170	11063	1.7e-20	-	-	-	-	-	-	
62----------
3L.fa_79	23204577	23204768	23217104	23217295	+	192	192	12719	8.2892e-48	-	-	-	-	-	-	
63----------
3L.fa_81	23321207	23321395	23325959	23326146	+	189	188	4940	8.8e-28	-	-	-	-	-	-	
64----------***
X.fa_81	21267554	21267978	21270132	21270560	-	425	429	3007	4.9e-25	TATGTA	TATGTA	TGT	CA	TG	ACA	
3R.fa_14	3175504	3176010	3180468	3180974	-	507	507	5471	9.02e-98	TATA	TATA	TGT	ACA	TGT	ACA	
65----------
3R.fa_68	23678095	23678424	23683013	23683342	-	330	330	5248	1.131e-113	-	-	-	-	-	-	
3R.fa_17	3920199	3920528	3925117	3925446	+	330	330	5248	1.7517168e-113	-	-	-	-	-	-	
66----------
3R.fa_33	8297917	8298192	8313267	8313542	-	276	276	15626	1.5e-24	-	-	-	-	-	-	
67----------
3R.fa_47	15530256	15531311	15538722	15539777	+	1056	1056	9522	9.1448e-104	-	-	-	-	-	-	
68----------***
3R.fa_67	23336299	23336726	23345022	23345449	-	428	428	9151	1.28e-119	AACAT	AACAT	TGT	ACA	TGT	ACA	
69----------***
4.fa_3	302515	302900	308881	309266	-	386	386	6752	1.292e-43	AATGT	AATAT	TGT	ACA	TG	ACA	
70----------
X.fa_23	3359787	3360327	3364514	3365054	+	541	541	5268	1.2e-31	-	-	-	-	-	-	
71----------***
X.fa_28	4730712	4731139	4737440	4737867	+	428	428	7156	1.80792e-120	CTATT	CTATT	TGT	ACA	TGT	ACA	
72----------
X.fa_47	10936422	10936852	10943356	10943786	-	431	431	7365	3.08e-110	-	-	-	-	-	-	
73----------***
X.fa_51	11471945	11472603	11481376	11482036	+	659	661	10092	1.134e-119	TGGAGG	AGGAGG	TG	CA	TGT	CA	
74----------
X.fa_76	19644765	19645748	19652933	19653917	-	984	985	9153	5.8e-15	CAGAT	CAGAA	TG	CA	TG	CA	
75----------
X.fa_78	19792538	19793099	19807282	19807852	-	562	571	15315	5.092e-37	-	-	-	-	-	-	
